{"/Users/aleix.casanovas/Public/redhat/nookbag/src/app.tsx": {"path":"/Users/aleix.casanovas/Public/redhat/nookbag/src/app.tsx","all":false,"statementMap":{"0":{"start":{"line":1,"column":0},"end":{"line":1,"column":59}},"1":{"start":{"line":2,"column":0},"end":{"line":2,"column":27}},"2":{"start":{"line":3,"column":0},"end":{"line":3,"column":28}},"3":{"start":{"line":4,"column":0},"end":{"line":4,"column":25}},"4":{"start":{"line":5,"column":0},"end":{"line":5,"column":111}},"5":{"start":{"line":6,"column":0},"end":{"line":6,"column":32}},"6":{"start":{"line":7,"column":0},"end":{"line":7,"column":54}},"7":{"start":{"line":8,"column":0},"end":{"line":8,"column":47}},"8":{"start":{"line":9,"column":0},"end":{"line":9,"column":100}},"9":{"start":{"line":10,"column":0},"end":{"line":10,"column":32}},"10":{"start":{"line":11,"column":0},"end":{"line":11,"column":70}},"11":{"start":{"line":12,"column":0},"end":{"line":12,"column":0}},"12":{"start":{"line":13,"column":0},"end":{"line":13,"column":19}},"13":{"start":{"line":14,"column":0},"end":{"line":14,"column":0}},"14":{"start":{"line":15,"column":0},"end":{"line":15,"column":42}},"15":{"start":{"line":16,"column":0},"end":{"line":16,"column":42}},"16":{"start":{"line":17,"column":0},"end":{"line":17,"column":0}},"17":{"start":{"line":18,"column":0},"end":{"line":18,"column":50}},"18":{"start":{"line":19,"column":0},"end":{"line":19,"column":17}},"19":{"start":{"line":20,"column":0},"end":{"line":20,"column":12}},"20":{"start":{"line":21,"column":0},"end":{"line":21,"column":14}},"21":{"start":{"line":22,"column":0},"end":{"line":22,"column":63}},"22":{"start":{"line":23,"column":0},"end":{"line":23,"column":6}},"23":{"start":{"line":24,"column":0},"end":{"line":24,"column":3}},"24":{"start":{"line":25,"column":0},"end":{"line":25,"column":19}},"25":{"start":{"line":26,"column":0},"end":{"line":26,"column":44}},"26":{"start":{"line":27,"column":0},"end":{"line":27,"column":3}},"27":{"start":{"line":28,"column":0},"end":{"line":28,"column":10}},"28":{"start":{"line":29,"column":0},"end":{"line":29,"column":12}},"29":{"start":{"line":30,"column":0},"end":{"line":30,"column":61}},"30":{"start":{"line":31,"column":0},"end":{"line":31,"column":89}},"31":{"start":{"line":32,"column":0},"end":{"line":32,"column":27}},"32":{"start":{"line":33,"column":0},"end":{"line":33,"column":9}},"33":{"start":{"line":34,"column":0},"end":{"line":34,"column":107}},"34":{"start":{"line":35,"column":0},"end":{"line":35,"column":37}},"35":{"start":{"line":36,"column":0},"end":{"line":36,"column":13}},"36":{"start":{"line":37,"column":0},"end":{"line":37,"column":9}},"37":{"start":{"line":38,"column":0},"end":{"line":38,"column":12}},"38":{"start":{"line":39,"column":0},"end":{"line":39,"column":4}},"39":{"start":{"line":40,"column":0},"end":{"line":40,"column":2}},"40":{"start":{"line":41,"column":0},"end":{"line":41,"column":0}},"41":{"start":{"line":42,"column":0},"end":{"line":42,"column":63}},"42":{"start":{"line":43,"column":0},"end":{"line":43,"column":64}},"43":{"start":{"line":44,"column":0},"end":{"line":44,"column":1}},"44":{"start":{"line":45,"column":0},"end":{"line":45,"column":0}},"45":{"start":{"line":46,"column":0},"end":{"line":46,"column":40}},"46":{"start":{"line":47,"column":0},"end":{"line":47,"column":47}},"47":{"start":{"line":48,"column":0},"end":{"line":48,"column":36}},"48":{"start":{"line":49,"column":0},"end":{"line":49,"column":44}},"49":{"start":{"line":50,"column":0},"end":{"line":50,"column":1}},"50":{"start":{"line":51,"column":0},"end":{"line":51,"column":0}},"51":{"start":{"line":52,"column":0},"end":{"line":52,"column":16}},"52":{"start":{"line":53,"column":0},"end":{"line":53,"column":22}},"53":{"start":{"line":54,"column":0},"end":{"line":54,"column":26}},"54":{"start":{"line":55,"column":0},"end":{"line":55,"column":16}},"55":{"start":{"line":56,"column":0},"end":{"line":56,"column":16}},"56":{"start":{"line":57,"column":0},"end":{"line":57,"column":16}},"57":{"start":{"line":58,"column":0},"end":{"line":58,"column":22}},"58":{"start":{"line":59,"column":0},"end":{"line":59,"column":30}},"59":{"start":{"line":60,"column":0},"end":{"line":60,"column":22}},"60":{"start":{"line":61,"column":0},"end":{"line":61,"column":2}},"61":{"start":{"line":62,"column":0},"end":{"line":62,"column":0}},"62":{"start":{"line":63,"column":0},"end":{"line":63,"column":28}},"63":{"start":{"line":64,"column":0},"end":{"line":64,"column":27}},"64":{"start":{"line":65,"column":0},"end":{"line":65,"column":44}},"65":{"start":{"line":66,"column":0},"end":{"line":66,"column":52}},"66":{"start":{"line":67,"column":0},"end":{"line":67,"column":23}},"67":{"start":{"line":68,"column":0},"end":{"line":68,"column":51}},"68":{"start":{"line":69,"column":0},"end":{"line":69,"column":40}},"69":{"start":{"line":70,"column":0},"end":{"line":70,"column":69}},"70":{"start":{"line":71,"column":0},"end":{"line":71,"column":34}},"71":{"start":{"line":72,"column":0},"end":{"line":72,"column":52}},"72":{"start":{"line":73,"column":0},"end":{"line":73,"column":48}},"73":{"start":{"line":74,"column":0},"end":{"line":74,"column":51}},"74":{"start":{"line":75,"column":0},"end":{"line":75,"column":13}},"75":{"start":{"line":76,"column":0},"end":{"line":76,"column":48}},"76":{"start":{"line":77,"column":0},"end":{"line":77,"column":28}},"77":{"start":{"line":78,"column":0},"end":{"line":78,"column":22}},"78":{"start":{"line":79,"column":0},"end":{"line":79,"column":41}},"79":{"start":{"line":80,"column":0},"end":{"line":80,"column":44}},"80":{"start":{"line":81,"column":0},"end":{"line":81,"column":39}},"81":{"start":{"line":82,"column":0},"end":{"line":82,"column":15}},"82":{"start":{"line":83,"column":0},"end":{"line":83,"column":26}},"83":{"start":{"line":84,"column":0},"end":{"line":84,"column":14}},"84":{"start":{"line":85,"column":0},"end":{"line":85,"column":11}},"85":{"start":{"line":86,"column":0},"end":{"line":86,"column":9}},"86":{"start":{"line":87,"column":0},"end":{"line":87,"column":21}},"87":{"start":{"line":88,"column":0},"end":{"line":88,"column":22}},"88":{"start":{"line":89,"column":0},"end":{"line":89,"column":4}},"89":{"start":{"line":90,"column":0},"end":{"line":90,"column":43}},"90":{"start":{"line":91,"column":0},"end":{"line":91,"column":31}},"91":{"start":{"line":92,"column":0},"end":{"line":92,"column":37}},"92":{"start":{"line":93,"column":0},"end":{"line":93,"column":37}},"93":{"start":{"line":94,"column":0},"end":{"line":94,"column":81}},"94":{"start":{"line":95,"column":0},"end":{"line":95,"column":18}},"95":{"start":{"line":96,"column":0},"end":{"line":96,"column":4}},"96":{"start":{"line":97,"column":0},"end":{"line":97,"column":53}},"97":{"start":{"line":98,"column":0},"end":{"line":98,"column":69}},"98":{"start":{"line":99,"column":0},"end":{"line":99,"column":50}},"99":{"start":{"line":100,"column":0},"end":{"line":100,"column":18}},"100":{"start":{"line":101,"column":0},"end":{"line":101,"column":22}},"101":{"start":{"line":102,"column":0},"end":{"line":102,"column":4}},"102":{"start":{"line":103,"column":0},"end":{"line":103,"column":48}},"103":{"start":{"line":104,"column":0},"end":{"line":104,"column":78}},"104":{"start":{"line":105,"column":0},"end":{"line":105,"column":42}},"105":{"start":{"line":106,"column":0},"end":{"line":106,"column":51}},"106":{"start":{"line":107,"column":0},"end":{"line":107,"column":54}},"107":{"start":{"line":108,"column":0},"end":{"line":108,"column":43}},"108":{"start":{"line":109,"column":0},"end":{"line":109,"column":20}},"109":{"start":{"line":110,"column":0},"end":{"line":110,"column":18}},"110":{"start":{"line":111,"column":0},"end":{"line":111,"column":18}},"111":{"start":{"line":112,"column":0},"end":{"line":112,"column":68}},"112":{"start":{"line":113,"column":0},"end":{"line":113,"column":74}},"113":{"start":{"line":114,"column":0},"end":{"line":114,"column":90}},"114":{"start":{"line":115,"column":0},"end":{"line":115,"column":87}},"115":{"start":{"line":116,"column":0},"end":{"line":116,"column":43}},"116":{"start":{"line":117,"column":0},"end":{"line":117,"column":21}},"117":{"start":{"line":118,"column":0},"end":{"line":118,"column":21}},"118":{"start":{"line":119,"column":0},"end":{"line":119,"column":20}},"119":{"start":{"line":120,"column":0},"end":{"line":120,"column":45}},"120":{"start":{"line":121,"column":0},"end":{"line":121,"column":59}},"121":{"start":{"line":122,"column":0},"end":{"line":122,"column":5}},"122":{"start":{"line":123,"column":0},"end":{"line":123,"column":4}},"123":{"start":{"line":124,"column":0},"end":{"line":124,"column":80}},"124":{"start":{"line":125,"column":0},"end":{"line":125,"column":74}},"125":{"start":{"line":126,"column":0},"end":{"line":126,"column":55}},"126":{"start":{"line":127,"column":0},"end":{"line":127,"column":42}},"127":{"start":{"line":128,"column":0},"end":{"line":128,"column":89}},"128":{"start":{"line":129,"column":0},"end":{"line":129,"column":17}},"129":{"start":{"line":130,"column":0},"end":{"line":130,"column":4}},"130":{"start":{"line":131,"column":0},"end":{"line":131,"column":120}},"131":{"start":{"line":132,"column":0},"end":{"line":132,"column":21}},"132":{"start":{"line":133,"column":0},"end":{"line":133,"column":103}},"133":{"start":{"line":134,"column":0},"end":{"line":134,"column":41}},"134":{"start":{"line":135,"column":0},"end":{"line":135,"column":32}},"135":{"start":{"line":136,"column":0},"end":{"line":136,"column":59}},"136":{"start":{"line":137,"column":0},"end":{"line":137,"column":56}},"137":{"start":{"line":138,"column":0},"end":{"line":138,"column":20}},"138":{"start":{"line":139,"column":0},"end":{"line":139,"column":7}},"139":{"start":{"line":140,"column":0},"end":{"line":140,"column":19}},"140":{"start":{"line":141,"column":0},"end":{"line":141,"column":5}},"141":{"start":{"line":142,"column":0},"end":{"line":142,"column":16}},"142":{"start":{"line":143,"column":0},"end":{"line":143,"column":5}},"143":{"start":{"line":144,"column":0},"end":{"line":144,"column":0}},"144":{"start":{"line":145,"column":0},"end":{"line":145,"column":41}},"145":{"start":{"line":146,"column":0},"end":{"line":146,"column":44}},"146":{"start":{"line":147,"column":0},"end":{"line":147,"column":46}},"147":{"start":{"line":148,"column":0},"end":{"line":148,"column":34}},"148":{"start":{"line":149,"column":0},"end":{"line":149,"column":32}},"149":{"start":{"line":150,"column":0},"end":{"line":150,"column":41}},"150":{"start":{"line":151,"column":0},"end":{"line":151,"column":9}},"151":{"start":{"line":152,"column":0},"end":{"line":152,"column":7}},"152":{"start":{"line":153,"column":0},"end":{"line":153,"column":7}},"153":{"start":{"line":154,"column":0},"end":{"line":154,"column":3}},"154":{"start":{"line":155,"column":0},"end":{"line":155,"column":0}},"155":{"start":{"line":156,"column":0},"end":{"line":156,"column":19}},"156":{"start":{"line":157,"column":0},"end":{"line":157,"column":67}},"157":{"start":{"line":158,"column":0},"end":{"line":158,"column":74}},"158":{"start":{"line":159,"column":0},"end":{"line":159,"column":5}},"159":{"start":{"line":160,"column":0},"end":{"line":160,"column":17}},"160":{"start":{"line":161,"column":0},"end":{"line":161,"column":0}},"161":{"start":{"line":162,"column":0},"end":{"line":162,"column":27}},"162":{"start":{"line":163,"column":0},"end":{"line":163,"column":22}},"163":{"start":{"line":164,"column":0},"end":{"line":164,"column":54}},"164":{"start":{"line":165,"column":0},"end":{"line":165,"column":85}},"165":{"start":{"line":166,"column":0},"end":{"line":166,"column":69}},"166":{"start":{"line":167,"column":0},"end":{"line":167,"column":19}},"167":{"start":{"line":168,"column":0},"end":{"line":168,"column":58}},"168":{"start":{"line":169,"column":0},"end":{"line":169,"column":50}},"169":{"start":{"line":170,"column":0},"end":{"line":170,"column":14}},"170":{"start":{"line":171,"column":0},"end":{"line":171,"column":80}},"171":{"start":{"line":172,"column":0},"end":{"line":172,"column":7}},"172":{"start":{"line":173,"column":0},"end":{"line":173,"column":40}},"173":{"start":{"line":174,"column":0},"end":{"line":174,"column":30}},"174":{"start":{"line":175,"column":0},"end":{"line":175,"column":30}},"175":{"start":{"line":176,"column":0},"end":{"line":176,"column":29}},"176":{"start":{"line":177,"column":0},"end":{"line":177,"column":29}},"177":{"start":{"line":178,"column":0},"end":{"line":178,"column":33}},"178":{"start":{"line":179,"column":0},"end":{"line":179,"column":44}},"179":{"start":{"line":180,"column":0},"end":{"line":180,"column":16}},"180":{"start":{"line":181,"column":0},"end":{"line":181,"column":43}},"181":{"start":{"line":182,"column":0},"end":{"line":182,"column":9}},"182":{"start":{"line":183,"column":0},"end":{"line":183,"column":9}},"183":{"start":{"line":184,"column":0},"end":{"line":184,"column":35}},"184":{"start":{"line":185,"column":0},"end":{"line":185,"column":30}},"185":{"start":{"line":186,"column":0},"end":{"line":186,"column":57}},"186":{"start":{"line":187,"column":0},"end":{"line":187,"column":57}},"187":{"start":{"line":188,"column":0},"end":{"line":188,"column":61}},"188":{"start":{"line":189,"column":0},"end":{"line":189,"column":87}},"189":{"start":{"line":190,"column":0},"end":{"line":190,"column":90}},"190":{"start":{"line":191,"column":0},"end":{"line":191,"column":66}},"191":{"start":{"line":192,"column":0},"end":{"line":192,"column":24}},"192":{"start":{"line":193,"column":0},"end":{"line":193,"column":35}},"193":{"start":{"line":194,"column":0},"end":{"line":194,"column":63}},"194":{"start":{"line":195,"column":0},"end":{"line":195,"column":12}},"195":{"start":{"line":196,"column":0},"end":{"line":196,"column":24}},"196":{"start":{"line":197,"column":0},"end":{"line":197,"column":35}},"197":{"start":{"line":198,"column":0},"end":{"line":198,"column":63}},"198":{"start":{"line":199,"column":0},"end":{"line":199,"column":13}},"199":{"start":{"line":200,"column":0},"end":{"line":200,"column":7}},"200":{"start":{"line":201,"column":0},"end":{"line":201,"column":5}},"201":{"start":{"line":202,"column":0},"end":{"line":202,"column":3}},"202":{"start":{"line":203,"column":0},"end":{"line":203,"column":0}},"203":{"start":{"line":204,"column":0},"end":{"line":204,"column":100}},"204":{"start":{"line":205,"column":0},"end":{"line":205,"column":62}},"205":{"start":{"line":206,"column":0},"end":{"line":206,"column":15}},"206":{"start":{"line":207,"column":0},"end":{"line":207,"column":38}},"207":{"start":{"line":208,"column":0},"end":{"line":208,"column":5}},"208":{"start":{"line":209,"column":0},"end":{"line":209,"column":23}},"209":{"start":{"line":210,"column":0},"end":{"line":210,"column":37}},"210":{"start":{"line":211,"column":0},"end":{"line":211,"column":12}},"211":{"start":{"line":212,"column":0},"end":{"line":212,"column":34}},"212":{"start":{"line":213,"column":0},"end":{"line":213,"column":5}},"213":{"start":{"line":214,"column":0},"end":{"line":214,"column":3}},"214":{"start":{"line":215,"column":0},"end":{"line":215,"column":0}},"215":{"start":{"line":216,"column":0},"end":{"line":216,"column":22}},"216":{"start":{"line":217,"column":0},"end":{"line":217,"column":39}},"217":{"start":{"line":218,"column":0},"end":{"line":218,"column":79}},"218":{"start":{"line":219,"column":0},"end":{"line":219,"column":39}},"219":{"start":{"line":220,"column":0},"end":{"line":220,"column":5}},"220":{"start":{"line":221,"column":0},"end":{"line":221,"column":3}},"221":{"start":{"line":222,"column":0},"end":{"line":222,"column":0}},"222":{"start":{"line":223,"column":0},"end":{"line":223,"column":46}},"223":{"start":{"line":224,"column":0},"end":{"line":224,"column":67}},"224":{"start":{"line":225,"column":0},"end":{"line":225,"column":78}},"225":{"start":{"line":226,"column":0},"end":{"line":226,"column":54}},"226":{"start":{"line":227,"column":0},"end":{"line":227,"column":97}},"227":{"start":{"line":228,"column":0},"end":{"line":228,"column":7}},"228":{"start":{"line":229,"column":0},"end":{"line":229,"column":5}},"229":{"start":{"line":230,"column":0},"end":{"line":230,"column":3}},"230":{"start":{"line":231,"column":0},"end":{"line":231,"column":0}},"231":{"start":{"line":232,"column":0},"end":{"line":232,"column":29}},"232":{"start":{"line":233,"column":0},"end":{"line":233,"column":24}},"233":{"start":{"line":234,"column":0},"end":{"line":234,"column":29}},"234":{"start":{"line":235,"column":0},"end":{"line":235,"column":47}},"235":{"start":{"line":236,"column":0},"end":{"line":236,"column":51}},"236":{"start":{"line":237,"column":0},"end":{"line":237,"column":16}},"237":{"start":{"line":238,"column":0},"end":{"line":238,"column":5}},"238":{"start":{"line":239,"column":0},"end":{"line":239,"column":3}},"239":{"start":{"line":240,"column":0},"end":{"line":240,"column":0}},"240":{"start":{"line":241,"column":0},"end":{"line":241,"column":31}},"241":{"start":{"line":242,"column":0},"end":{"line":242,"column":27}},"242":{"start":{"line":243,"column":0},"end":{"line":243,"column":79}},"243":{"start":{"line":244,"column":0},"end":{"line":244,"column":62}},"244":{"start":{"line":245,"column":0},"end":{"line":245,"column":64}},"245":{"start":{"line":246,"column":0},"end":{"line":246,"column":110}},"246":{"start":{"line":247,"column":0},"end":{"line":247,"column":94}},"247":{"start":{"line":248,"column":0},"end":{"line":248,"column":79}},"248":{"start":{"line":249,"column":0},"end":{"line":249,"column":5}},"249":{"start":{"line":250,"column":0},"end":{"line":250,"column":54}},"250":{"start":{"line":251,"column":0},"end":{"line":251,"column":43}},"251":{"start":{"line":252,"column":0},"end":{"line":252,"column":49}},"252":{"start":{"line":253,"column":0},"end":{"line":253,"column":53}},"253":{"start":{"line":254,"column":0},"end":{"line":254,"column":18}},"254":{"start":{"line":255,"column":0},"end":{"line":255,"column":14}},"255":{"start":{"line":256,"column":0},"end":{"line":256,"column":59}},"256":{"start":{"line":257,"column":0},"end":{"line":257,"column":26}},"257":{"start":{"line":258,"column":0},"end":{"line":258,"column":34}},"258":{"start":{"line":259,"column":0},"end":{"line":259,"column":117}},"259":{"start":{"line":260,"column":0},"end":{"line":260,"column":26}},"260":{"start":{"line":261,"column":0},"end":{"line":261,"column":11}},"261":{"start":{"line":262,"column":0},"end":{"line":262,"column":22}},"262":{"start":{"line":263,"column":0},"end":{"line":263,"column":7}},"263":{"start":{"line":264,"column":0},"end":{"line":264,"column":12}},"264":{"start":{"line":265,"column":0},"end":{"line":265,"column":57}},"265":{"start":{"line":266,"column":0},"end":{"line":266,"column":97}},"266":{"start":{"line":267,"column":0},"end":{"line":267,"column":5}},"267":{"start":{"line":268,"column":0},"end":{"line":268,"column":3}},"268":{"start":{"line":269,"column":0},"end":{"line":269,"column":0}},"269":{"start":{"line":270,"column":0},"end":{"line":270,"column":33}},"270":{"start":{"line":271,"column":0},"end":{"line":271,"column":57}},"271":{"start":{"line":272,"column":0},"end":{"line":272,"column":59}},"272":{"start":{"line":273,"column":0},"end":{"line":273,"column":105}},"273":{"start":{"line":274,"column":0},"end":{"line":274,"column":88}},"274":{"start":{"line":275,"column":0},"end":{"line":275,"column":85}},"275":{"start":{"line":276,"column":0},"end":{"line":276,"column":40}},"276":{"start":{"line":277,"column":0},"end":{"line":277,"column":59}},"277":{"start":{"line":278,"column":0},"end":{"line":278,"column":14}},"278":{"start":{"line":279,"column":0},"end":{"line":279,"column":59}},"279":{"start":{"line":280,"column":0},"end":{"line":280,"column":99}},"280":{"start":{"line":281,"column":0},"end":{"line":281,"column":7}},"281":{"start":{"line":282,"column":0},"end":{"line":282,"column":5}},"282":{"start":{"line":283,"column":0},"end":{"line":283,"column":3}},"283":{"start":{"line":284,"column":0},"end":{"line":284,"column":0}},"284":{"start":{"line":285,"column":0},"end":{"line":285,"column":31}},"285":{"start":{"line":286,"column":0},"end":{"line":286,"column":25}},"286":{"start":{"line":287,"column":0},"end":{"line":287,"column":23}},"287":{"start":{"line":288,"column":0},"end":{"line":288,"column":3}},"288":{"start":{"line":289,"column":0},"end":{"line":289,"column":0}},"289":{"start":{"line":290,"column":0},"end":{"line":290,"column":19}},"290":{"start":{"line":291,"column":0},"end":{"line":291,"column":22}},"291":{"start":{"line":292,"column":0},"end":{"line":292,"column":47}},"292":{"start":{"line":293,"column":0},"end":{"line":293,"column":69}},"293":{"start":{"line":294,"column":0},"end":{"line":294,"column":22}},"294":{"start":{"line":295,"column":0},"end":{"line":295,"column":7}},"295":{"start":{"line":296,"column":0},"end":{"line":296,"column":14}},"296":{"start":{"line":297,"column":0},"end":{"line":297,"column":3}},"297":{"start":{"line":298,"column":0},"end":{"line":298,"column":0}},"298":{"start":{"line":299,"column":0},"end":{"line":299,"column":14}},"299":{"start":{"line":300,"column":0},"end":{"line":300,"column":53}},"300":{"start":{"line":301,"column":0},"end":{"line":301,"column":3}},"301":{"start":{"line":302,"column":0},"end":{"line":302,"column":0}},"302":{"start":{"line":303,"column":0},"end":{"line":303,"column":10}},"303":{"start":{"line":304,"column":0},"end":{"line":304,"column":9}},"304":{"start":{"line":305,"column":0},"end":{"line":305,"column":14}},"305":{"start":{"line":306,"column":0},"end":{"line":306,"column":14}},"306":{"start":{"line":307,"column":0},"end":{"line":307,"column":40}},"307":{"start":{"line":308,"column":0},"end":{"line":308,"column":52}},"308":{"start":{"line":309,"column":0},"end":{"line":309,"column":49}},"309":{"start":{"line":310,"column":0},"end":{"line":310,"column":38}},"310":{"start":{"line":311,"column":0},"end":{"line":311,"column":44}},"311":{"start":{"line":312,"column":0},"end":{"line":312,"column":35}},"312":{"start":{"line":313,"column":0},"end":{"line":313,"column":26}},"313":{"start":{"line":314,"column":0},"end":{"line":314,"column":9}},"314":{"start":{"line":315,"column":0},"end":{"line":315,"column":42}},"315":{"start":{"line":316,"column":0},"end":{"line":316,"column":8}},"316":{"start":{"line":317,"column":0},"end":{"line":317,"column":93}},"317":{"start":{"line":318,"column":0},"end":{"line":318,"column":19}},"318":{"start":{"line":319,"column":0},"end":{"line":319,"column":28}},"319":{"start":{"line":320,"column":0},"end":{"line":320,"column":93}},"320":{"start":{"line":321,"column":0},"end":{"line":321,"column":37}},"321":{"start":{"line":322,"column":0},"end":{"line":322,"column":20}},"322":{"start":{"line":323,"column":0},"end":{"line":323,"column":19}},"323":{"start":{"line":324,"column":0},"end":{"line":324,"column":20}},"324":{"start":{"line":325,"column":0},"end":{"line":325,"column":21}},"325":{"start":{"line":326,"column":0},"end":{"line":326,"column":89}},"326":{"start":{"line":327,"column":0},"end":{"line":327,"column":19}},"327":{"start":{"line":328,"column":0},"end":{"line":328,"column":19}},"328":{"start":{"line":329,"column":0},"end":{"line":329,"column":22}},"329":{"start":{"line":330,"column":0},"end":{"line":330,"column":14}},"330":{"start":{"line":331,"column":0},"end":{"line":331,"column":35}},"331":{"start":{"line":332,"column":0},"end":{"line":332,"column":14}},"332":{"start":{"line":333,"column":0},"end":{"line":333,"column":58}},"333":{"start":{"line":334,"column":0},"end":{"line":334,"column":23}},"334":{"start":{"line":335,"column":0},"end":{"line":335,"column":24}},"335":{"start":{"line":336,"column":0},"end":{"line":336,"column":32}},"336":{"start":{"line":337,"column":0},"end":{"line":337,"column":29}},"337":{"start":{"line":338,"column":0},"end":{"line":338,"column":59}},"338":{"start":{"line":339,"column":0},"end":{"line":339,"column":9}},"339":{"start":{"line":340,"column":0},"end":{"line":340,"column":65}},"340":{"start":{"line":341,"column":0},"end":{"line":341,"column":33}},"341":{"start":{"line":342,"column":0},"end":{"line":342,"column":44}},"342":{"start":{"line":343,"column":0},"end":{"line":343,"column":31}},"343":{"start":{"line":344,"column":0},"end":{"line":344,"column":52}},"344":{"start":{"line":345,"column":0},"end":{"line":345,"column":35}},"345":{"start":{"line":346,"column":0},"end":{"line":346,"column":37}},"346":{"start":{"line":347,"column":0},"end":{"line":347,"column":67}},"347":{"start":{"line":348,"column":0},"end":{"line":348,"column":51}},"348":{"start":{"line":349,"column":0},"end":{"line":349,"column":18}},"349":{"start":{"line":350,"column":0},"end":{"line":350,"column":20}},"350":{"start":{"line":351,"column":0},"end":{"line":351,"column":21}},"351":{"start":{"line":352,"column":0},"end":{"line":352,"column":19}},"352":{"start":{"line":353,"column":0},"end":{"line":353,"column":23}},"353":{"start":{"line":354,"column":0},"end":{"line":354,"column":31}},"354":{"start":{"line":355,"column":0},"end":{"line":355,"column":35}},"355":{"start":{"line":356,"column":0},"end":{"line":356,"column":26}},"356":{"start":{"line":357,"column":0},"end":{"line":357,"column":43}},"357":{"start":{"line":358,"column":0},"end":{"line":358,"column":27}},"358":{"start":{"line":359,"column":0},"end":{"line":359,"column":22}},"359":{"start":{"line":360,"column":0},"end":{"line":360,"column":33}},"360":{"start":{"line":361,"column":0},"end":{"line":361,"column":49}},"361":{"start":{"line":362,"column":0},"end":{"line":362,"column":34}},"362":{"start":{"line":363,"column":0},"end":{"line":363,"column":85}},"363":{"start":{"line":364,"column":0},"end":{"line":364,"column":28}},"364":{"start":{"line":365,"column":0},"end":{"line":365,"column":27}},"365":{"start":{"line":366,"column":0},"end":{"line":366,"column":25}},"366":{"start":{"line":367,"column":0},"end":{"line":367,"column":53}},"367":{"start":{"line":368,"column":0},"end":{"line":368,"column":25}},"368":{"start":{"line":369,"column":0},"end":{"line":369,"column":50}},"369":{"start":{"line":370,"column":0},"end":{"line":370,"column":39}},"370":{"start":{"line":371,"column":0},"end":{"line":371,"column":50}},"371":{"start":{"line":372,"column":0},"end":{"line":372,"column":42}},"372":{"start":{"line":373,"column":0},"end":{"line":373,"column":19}},"373":{"start":{"line":374,"column":0},"end":{"line":374,"column":25}},"374":{"start":{"line":375,"column":0},"end":{"line":375,"column":27}},"375":{"start":{"line":376,"column":0},"end":{"line":376,"column":25}},"376":{"start":{"line":377,"column":0},"end":{"line":377,"column":106}},"377":{"start":{"line":378,"column":0},"end":{"line":378,"column":67}},"378":{"start":{"line":379,"column":0},"end":{"line":379,"column":25}},"379":{"start":{"line":380,"column":0},"end":{"line":380,"column":20}},"380":{"start":{"line":381,"column":0},"end":{"line":381,"column":21}},"381":{"start":{"line":382,"column":0},"end":{"line":382,"column":16}},"382":{"start":{"line":383,"column":0},"end":{"line":383,"column":36}},"383":{"start":{"line":384,"column":0},"end":{"line":384,"column":41}},"384":{"start":{"line":385,"column":0},"end":{"line":385,"column":30}},"385":{"start":{"line":386,"column":0},"end":{"line":386,"column":58}},"386":{"start":{"line":387,"column":0},"end":{"line":387,"column":111}},"387":{"start":{"line":388,"column":0},"end":{"line":388,"column":44}},"388":{"start":{"line":389,"column":0},"end":{"line":389,"column":118}},"389":{"start":{"line":390,"column":0},"end":{"line":390,"column":23}},"390":{"start":{"line":391,"column":0},"end":{"line":391,"column":25}},"391":{"start":{"line":392,"column":0},"end":{"line":392,"column":39}},"392":{"start":{"line":393,"column":0},"end":{"line":393,"column":62}},"393":{"start":{"line":394,"column":0},"end":{"line":394,"column":29}},"394":{"start":{"line":395,"column":0},"end":{"line":395,"column":41}},"395":{"start":{"line":396,"column":0},"end":{"line":396,"column":43}},"396":{"start":{"line":397,"column":0},"end":{"line":397,"column":33}},"397":{"start":{"line":398,"column":0},"end":{"line":398,"column":44}},"398":{"start":{"line":399,"column":0},"end":{"line":399,"column":46}},"399":{"start":{"line":400,"column":0},"end":{"line":400,"column":23}},"400":{"start":{"line":401,"column":0},"end":{"line":401,"column":35}},"401":{"start":{"line":402,"column":0},"end":{"line":402,"column":31}},"402":{"start":{"line":403,"column":0},"end":{"line":403,"column":88}},"403":{"start":{"line":404,"column":0},"end":{"line":404,"column":28}},"404":{"start":{"line":405,"column":0},"end":{"line":405,"column":31}},"405":{"start":{"line":406,"column":0},"end":{"line":406,"column":26}},"406":{"start":{"line":407,"column":0},"end":{"line":407,"column":27}},"407":{"start":{"line":408,"column":0},"end":{"line":408,"column":22}},"408":{"start":{"line":409,"column":0},"end":{"line":409,"column":23}},"409":{"start":{"line":410,"column":0},"end":{"line":410,"column":40}},"410":{"start":{"line":411,"column":0},"end":{"line":411,"column":93}},"411":{"start":{"line":412,"column":0},"end":{"line":412,"column":40}},"412":{"start":{"line":413,"column":0},"end":{"line":413,"column":22}},"413":{"start":{"line":414,"column":0},"end":{"line":414,"column":49}},"414":{"start":{"line":415,"column":0},"end":{"line":415,"column":93}},"415":{"start":{"line":416,"column":0},"end":{"line":416,"column":28}},"416":{"start":{"line":417,"column":0},"end":{"line":417,"column":45}},"417":{"start":{"line":418,"column":0},"end":{"line":418,"column":84}},"418":{"start":{"line":419,"column":0},"end":{"line":419,"column":115}},"419":{"start":{"line":420,"column":0},"end":{"line":420,"column":31}},"420":{"start":{"line":421,"column":0},"end":{"line":421,"column":31}},"421":{"start":{"line":422,"column":0},"end":{"line":422,"column":52}},"422":{"start":{"line":423,"column":0},"end":{"line":423,"column":78}},"423":{"start":{"line":424,"column":0},"end":{"line":424,"column":28}},"424":{"start":{"line":425,"column":0},"end":{"line":425,"column":23}},"425":{"start":{"line":426,"column":0},"end":{"line":426,"column":23}},"426":{"start":{"line":427,"column":0},"end":{"line":427,"column":27}},"427":{"start":{"line":428,"column":0},"end":{"line":428,"column":46}},"428":{"start":{"line":429,"column":0},"end":{"line":429,"column":35}},"429":{"start":{"line":430,"column":0},"end":{"line":430,"column":35}},"430":{"start":{"line":431,"column":0},"end":{"line":431,"column":34}},"431":{"start":{"line":432,"column":0},"end":{"line":432,"column":30}},"432":{"start":{"line":433,"column":0},"end":{"line":433,"column":81}},"433":{"start":{"line":434,"column":0},"end":{"line":434,"column":69}},"434":{"start":{"line":435,"column":0},"end":{"line":435,"column":32}},"435":{"start":{"line":436,"column":0},"end":{"line":436,"column":24}},"436":{"start":{"line":437,"column":0},"end":{"line":437,"column":30}},"437":{"start":{"line":438,"column":0},"end":{"line":438,"column":20}},"438":{"start":{"line":439,"column":0},"end":{"line":439,"column":22}},"439":{"start":{"line":440,"column":0},"end":{"line":440,"column":17}},"440":{"start":{"line":441,"column":0},"end":{"line":441,"column":18}},"441":{"start":{"line":442,"column":0},"end":{"line":442,"column":19}},"442":{"start":{"line":443,"column":0},"end":{"line":443,"column":16}},"443":{"start":{"line":444,"column":0},"end":{"line":444,"column":12}},"444":{"start":{"line":445,"column":0},"end":{"line":445,"column":10}},"445":{"start":{"line":446,"column":0},"end":{"line":446,"column":4}},"446":{"start":{"line":447,"column":0},"end":{"line":447,"column":1}}},"s":{"0":1,"1":1,"2":1,"3":1,"4":1,"5":1,"6":1,"7":1,"8":1,"9":1,"10":1,"11":1,"12":1,"13":1,"14":1,"15":1,"16":1,"17":1,"18":70,"19":21,"20":21,"21":21,"22":21,"23":21,"24":70,"25":0,"26":0,"27":49,"28":49,"29":70,"30":70,"31":70,"32":4,"33":4,"34":4,"35":4,"36":4,"37":45,"38":70,"39":70,"40":1,"41":0,"42":0,"43":0,"44":1,"45":15,"46":15,"47":9,"48":0,"49":0,"50":1,"51":1,"52":1,"53":1,"54":1,"55":1,"56":1,"57":1,"58":1,"59":1,"60":1,"61":1,"62":19,"63":19,"64":19,"65":19,"66":19,"67":19,"68":19,"69":19,"70":19,"71":19,"72":19,"73":19,"74":19,"75":0,"76":0,"77":0,"78":0,"79":0,"80":0,"81":0,"82":0,"83":0,"84":0,"85":0,"86":0,"87":19,"88":19,"89":19,"90":19,"91":18,"92":18,"93":18,"94":18,"95":18,"96":18,"97":18,"98":19,"99":19,"100":19,"101":19,"102":19,"103":19,"104":19,"105":19,"106":19,"107":19,"108":19,"109":19,"110":19,"111":19,"112":19,"113":19,"114":19,"115":19,"116":19,"117":18,"118":18,"119":18,"120":18,"121":18,"122":19,"123":19,"124":19,"125":19,"126":19,"127":18,"128":0,"129":19,"130":19,"131":19,"132":19,"133":19,"134":70,"135":70,"136":0,"137":0,"138":0,"139":0,"140":0,"141":0,"142":19,"143":19,"144":19,"145":6,"146":24,"147":96,"148":96,"149":24,"150":24,"151":96,"152":6,"153":6,"154":18,"155":18,"156":8,"157":0,"158":0,"159":18,"160":18,"161":18,"162":0,"163":0,"164":0,"165":0,"166":0,"167":0,"168":0,"169":0,"170":0,"171":0,"172":0,"173":0,"174":0,"175":0,"176":0,"177":0,"178":0,"179":0,"180":0,"181":0,"182":0,"183":0,"184":0,"185":0,"186":0,"187":0,"188":0,"189":0,"190":0,"191":0,"192":0,"193":0,"194":0,"195":0,"196":0,"197":0,"198":0,"199":0,"200":0,"201":0,"202":18,"203":18,"204":17,"205":17,"206":0,"207":0,"208":17,"209":5,"210":17,"211":12,"212":12,"213":17,"214":18,"215":18,"216":0,"217":0,"218":0,"219":0,"220":0,"221":18,"222":18,"223":0,"224":0,"225":0,"226":0,"227":0,"228":0,"229":0,"230":18,"231":18,"232":0,"233":0,"234":0,"235":0,"236":0,"237":0,"238":0,"239":18,"240":18,"241":0,"242":0,"243":0,"244":0,"245":0,"246":0,"247":0,"248":0,"249":0,"250":0,"251":0,"252":0,"253":0,"254":0,"255":0,"256":0,"257":0,"258":0,"259":0,"260":0,"261":0,"262":0,"263":0,"264":0,"265":0,"266":0,"267":0,"268":18,"269":18,"270":0,"271":0,"272":0,"273":0,"274":0,"275":0,"276":0,"277":0,"278":0,"279":0,"280":0,"281":0,"282":0,"283":18,"284":18,"285":0,"286":0,"287":0,"288":18,"289":18,"290":0,"291":0,"292":0,"293":0,"294":0,"295":0,"296":0,"297":18,"298":19,"299":0,"300":0,"301":18,"302":18,"303":18,"304":18,"305":18,"306":18,"307":0,"308":18,"309":0,"310":18,"311":0,"312":18,"313":19,"314":19,"315":19,"316":19,"317":19,"318":19,"319":0,"320":0,"321":0,"322":18,"323":19,"324":19,"325":19,"326":19,"327":19,"328":19,"329":19,"330":19,"331":19,"332":19,"333":19,"334":19,"335":19,"336":19,"337":19,"338":19,"339":19,"340":19,"341":15,"342":15,"343":15,"344":15,"345":15,"346":15,"347":15,"348":15,"349":15,"350":3,"351":19,"352":19,"353":19,"354":19,"355":19,"356":19,"357":19,"358":19,"359":19,"360":15,"361":15,"362":0,"363":0,"364":0,"365":15,"366":15,"367":6,"368":6,"369":6,"370":6,"371":6,"372":6,"373":6,"374":6,"375":9,"376":15,"377":15,"378":15,"379":15,"380":3,"381":19,"382":19,"383":18,"384":18,"385":18,"386":18,"387":18,"388":70,"389":18,"390":18,"391":18,"392":15,"393":15,"394":15,"395":15,"396":15,"397":15,"398":15,"399":15,"400":15,"401":15,"402":15,"403":15,"404":15,"405":15,"406":3,"407":18,"408":0,"409":18,"410":70,"411":70,"412":4,"413":4,"414":4,"415":4,"416":4,"417":4,"418":4,"419":4,"420":0,"421":4,"422":4,"423":4,"424":4,"425":66,"426":66,"427":66,"428":66,"429":66,"430":66,"431":66,"432":66,"433":12,"434":54,"435":66,"436":66,"437":70,"438":70,"439":18,"440":18,"441":0,"442":19,"443":19,"444":19,"445":19,"446":19},"branchMap":{"0":{"type":"branch","line":18,"loc":{"start":{"line":18,"column":27},"end":{"line":40,"column":2}},"locations":[{"start":{"line":18,"column":27},"end":{"line":40,"column":2}}]},"1":{"type":"branch","line":19,"loc":{"start":{"line":19,"column":16},"end":{"line":24,"column":3}},"locations":[{"start":{"line":19,"column":16},"end":{"line":24,"column":3}}]},"2":{"type":"branch","line":22,"loc":{"start":{"line":22,"column":21},"end":{"line":22,"column":57}},"locations":[{"start":{"line":22,"column":21},"end":{"line":22,"column":57}}]},"3":{"type":"branch","line":22,"loc":{"start":{"line":22,"column":53},"end":{"line":22,"column":63}},"locations":[{"start":{"line":22,"column":53},"end":{"line":22,"column":63}}]},"4":{"type":"branch","line":24,"loc":{"start":{"line":24,"column":2},"end":{"line":25,"column":18}},"locations":[{"start":{"line":24,"column":2},"end":{"line":25,"column":18}}]},"5":{"type":"branch","line":25,"loc":{"start":{"line":25,"column":18},"end":{"line":27,"column":3}},"locations":[{"start":{"line":25,"column":18},"end":{"line":27,"column":3}}]},"6":{"type":"branch","line":27,"loc":{"start":{"line":27,"column":2},"end":{"line":30,"column":30}},"locations":[{"start":{"line":27,"column":2},"end":{"line":30,"column":30}}]},"7":{"type":"branch","line":30,"loc":{"start":{"line":30,"column":19},"end":{"line":30,"column":55}},"locations":[{"start":{"line":30,"column":19},"end":{"line":30,"column":55}}]},"8":{"type":"branch","line":30,"loc":{"start":{"line":30,"column":51},"end":{"line":30,"column":61}},"locations":[{"start":{"line":30,"column":51},"end":{"line":30,"column":61}}]},"9":{"type":"branch","line":31,"loc":{"start":{"line":31,"column":41},"end":{"line":31,"column":66}},"locations":[{"start":{"line":31,"column":41},"end":{"line":31,"column":66}}]},"10":{"type":"branch","line":31,"loc":{"start":{"line":31,"column":59},"end":{"line":31,"column":68}},"locations":[{"start":{"line":31,"column":59},"end":{"line":31,"column":68}}]},"11":{"type":"branch","line":31,"loc":{"start":{"line":31,"column":76},"end":{"line":31,"column":86}},"locations":[{"start":{"line":31,"column":76},"end":{"line":31,"column":86}}]},"12":{"type":"branch","line":32,"loc":{"start":{"line":32,"column":13},"end":{"line":37,"column":9}},"locations":[{"start":{"line":32,"column":13},"end":{"line":37,"column":9}}]},"13":{"type":"branch","line":34,"loc":{"start":{"line":34,"column":85},"end":{"line":34,"column":104}},"locations":[{"start":{"line":34,"column":85},"end":{"line":34,"column":104}}]},"14":{"type":"branch","line":35,"loc":{"start":{"line":35,"column":17},"end":{"line":35,"column":37}},"locations":[{"start":{"line":35,"column":17},"end":{"line":35,"column":37}}]},"15":{"type":"branch","line":37,"loc":{"start":{"line":37,"column":8},"end":{"line":38,"column":12}},"locations":[{"start":{"line":37,"column":8},"end":{"line":38,"column":12}}]},"16":{"type":"branch","line":46,"loc":{"start":{"line":46,"column":0},"end":{"line":50,"column":1}},"locations":[{"start":{"line":46,"column":0},"end":{"line":50,"column":1}}]},"17":{"type":"branch","line":47,"loc":{"start":{"line":47,"column":35},"end":{"line":47,"column":47}},"locations":[{"start":{"line":47,"column":35},"end":{"line":47,"column":47}}]},"18":{"type":"branch","line":47,"loc":{"start":{"line":47,"column":42},"end":{"line":48,"column":36}},"locations":[{"start":{"line":47,"column":42},"end":{"line":48,"column":36}}]},"19":{"type":"branch","line":48,"loc":{"start":{"line":48,"column":30},"end":{"line":50,"column":1}},"locations":[{"start":{"line":48,"column":30},"end":{"line":50,"column":1}}]},"20":{"type":"branch","line":63,"loc":{"start":{"line":63,"column":0},"end":{"line":447,"column":1}},"locations":[{"start":{"line":63,"column":0},"end":{"line":447,"column":1}}]},"21":{"type":"branch","line":72,"loc":{"start":{"line":72,"column":27},"end":{"line":72,"column":47}},"locations":[{"start":{"line":72,"column":27},"end":{"line":72,"column":47}}]},"22":{"type":"branch","line":72,"loc":{"start":{"line":72,"column":43},"end":{"line":72,"column":52}},"locations":[{"start":{"line":72,"column":43},"end":{"line":72,"column":52}}]},"23":{"type":"branch","line":91,"loc":{"start":{"line":91,"column":13},"end":{"line":91,"column":31}},"locations":[{"start":{"line":91,"column":13},"end":{"line":91,"column":31}}]},"24":{"type":"branch","line":91,"loc":{"start":{"line":91,"column":29},"end":{"line":99,"column":32}},"locations":[{"start":{"line":91,"column":29},"end":{"line":99,"column":32}}]},"25":{"type":"branch","line":99,"loc":{"start":{"line":99,"column":14},"end":{"line":99,"column":45}},"locations":[{"start":{"line":99,"column":14},"end":{"line":99,"column":45}}]},"26":{"type":"branch","line":99,"loc":{"start":{"line":99,"column":32},"end":{"line":99,"column":50}},"locations":[{"start":{"line":99,"column":32},"end":{"line":99,"column":50}}]},"27":{"type":"branch","line":103,"loc":{"start":{"line":103,"column":18},"end":{"line":103,"column":34}},"locations":[{"start":{"line":103,"column":18},"end":{"line":103,"column":34}}]},"28":{"type":"branch","line":103,"loc":{"start":{"line":103,"column":26},"end":{"line":103,"column":45}},"locations":[{"start":{"line":103,"column":26},"end":{"line":103,"column":45}}]},"29":{"type":"branch","line":103,"loc":{"start":{"line":103,"column":34},"end":{"line":103,"column":48}},"locations":[{"start":{"line":103,"column":34},"end":{"line":103,"column":48}}]},"30":{"type":"branch","line":104,"loc":{"start":{"line":104,"column":20},"end":{"line":104,"column":36}},"locations":[{"start":{"line":104,"column":20},"end":{"line":104,"column":36}}]},"31":{"type":"branch","line":104,"loc":{"start":{"line":104,"column":28},"end":{"line":104,"column":43}},"locations":[{"start":{"line":104,"column":28},"end":{"line":104,"column":43}}]},"32":{"type":"branch","line":104,"loc":{"start":{"line":104,"column":36},"end":{"line":104,"column":61}},"locations":[{"start":{"line":104,"column":36},"end":{"line":104,"column":61}}]},"33":{"type":"branch","line":104,"loc":{"start":{"line":104,"column":43},"end":{"line":104,"column":69}},"locations":[{"start":{"line":104,"column":43},"end":{"line":104,"column":69}}]},"34":{"type":"branch","line":104,"loc":{"start":{"line":104,"column":61},"end":{"line":104,"column":78}},"locations":[{"start":{"line":104,"column":61},"end":{"line":104,"column":78}}]},"35":{"type":"branch","line":105,"loc":{"start":{"line":105,"column":18},"end":{"line":105,"column":34}},"locations":[{"start":{"line":105,"column":18},"end":{"line":105,"column":34}}]},"36":{"type":"branch","line":105,"loc":{"start":{"line":105,"column":26},"end":{"line":105,"column":42}},"locations":[{"start":{"line":105,"column":26},"end":{"line":105,"column":42}}]},"37":{"type":"branch","line":106,"loc":{"start":{"line":106,"column":17},"end":{"line":106,"column":33}},"locations":[{"start":{"line":106,"column":17},"end":{"line":106,"column":33}}]},"38":{"type":"branch","line":106,"loc":{"start":{"line":106,"column":25},"end":{"line":106,"column":41}},"locations":[{"start":{"line":106,"column":25},"end":{"line":106,"column":41}}]},"39":{"type":"branch","line":106,"loc":{"start":{"line":106,"column":33},"end":{"line":106,"column":51}},"locations":[{"start":{"line":106,"column":33},"end":{"line":106,"column":51}}]},"40":{"type":"branch","line":112,"loc":{"start":{"line":112,"column":22},"end":{"line":112,"column":32}},"locations":[{"start":{"line":112,"column":22},"end":{"line":112,"column":32}}]},"41":{"type":"branch","line":112,"loc":{"start":{"line":112,"column":60},"end":{"line":112,"column":68}},"locations":[{"start":{"line":112,"column":60},"end":{"line":112,"column":68}}]},"42":{"type":"branch","line":113,"loc":{"start":{"line":113,"column":23},"end":{"line":113,"column":69}},"locations":[{"start":{"line":113,"column":23},"end":{"line":113,"column":69}}]},"43":{"type":"branch","line":113,"loc":{"start":{"line":113,"column":64},"end":{"line":113,"column":74}},"locations":[{"start":{"line":113,"column":64},"end":{"line":113,"column":74}}]},"44":{"type":"branch","line":114,"loc":{"start":{"line":114,"column":26},"end":{"line":114,"column":85}},"locations":[{"start":{"line":114,"column":26},"end":{"line":114,"column":85}}]},"45":{"type":"branch","line":114,"loc":{"start":{"line":114,"column":81},"end":{"line":114,"column":90}},"locations":[{"start":{"line":114,"column":81},"end":{"line":114,"column":90}}]},"46":{"type":"branch","line":115,"loc":{"start":{"line":115,"column":34},"end":{"line":115,"column":82}},"locations":[{"start":{"line":115,"column":34},"end":{"line":115,"column":82}}]},"47":{"type":"branch","line":115,"loc":{"start":{"line":115,"column":78},"end":{"line":115,"column":87}},"locations":[{"start":{"line":115,"column":78},"end":{"line":115,"column":87}}]},"48":{"type":"branch","line":117,"loc":{"start":{"line":117,"column":4},"end":{"line":122,"column":5}},"locations":[{"start":{"line":117,"column":4},"end":{"line":122,"column":5}}]},"49":{"type":"branch","line":121,"loc":{"start":{"line":121,"column":32},"end":{"line":121,"column":54}},"locations":[{"start":{"line":121,"column":32},"end":{"line":121,"column":54}}]},"50":{"type":"branch","line":121,"loc":{"start":{"line":121,"column":47},"end":{"line":121,"column":59}},"locations":[{"start":{"line":121,"column":47},"end":{"line":121,"column":59}}]},"51":{"type":"branch","line":124,"loc":{"start":{"line":124,"column":60},"end":{"line":124,"column":78}},"locations":[{"start":{"line":124,"column":60},"end":{"line":124,"column":78}}]},"52":{"type":"branch","line":127,"loc":{"start":{"line":127,"column":22},"end":{"line":127,"column":42}},"locations":[{"start":{"line":127,"column":22},"end":{"line":127,"column":42}}]},"53":{"type":"branch","line":127,"loc":{"start":{"line":127,"column":41},"end":{"line":128,"column":89}},"locations":[{"start":{"line":127,"column":41},"end":{"line":128,"column":89}}]},"54":{"type":"branch","line":128,"loc":{"start":{"line":128,"column":85},"end":{"line":129,"column":17}},"locations":[{"start":{"line":128,"column":85},"end":{"line":129,"column":17}}]},"55":{"type":"branch","line":131,"loc":{"start":{"line":131,"column":40},"end":{"line":131,"column":64}},"locations":[{"start":{"line":131,"column":40},"end":{"line":131,"column":64}}]},"56":{"type":"branch","line":131,"loc":{"start":{"line":131,"column":58},"end":{"line":131,"column":66}},"locations":[{"start":{"line":131,"column":58},"end":{"line":131,"column":66}}]},"57":{"type":"branch","line":131,"loc":{"start":{"line":131,"column":69},"end":{"line":131,"column":95}},"locations":[{"start":{"line":131,"column":69},"end":{"line":131,"column":95}}]},"58":{"type":"branch","line":131,"loc":{"start":{"line":131,"column":89},"end":{"line":131,"column":97}},"locations":[{"start":{"line":131,"column":89},"end":{"line":131,"column":97}}]},"59":{"type":"branch","line":133,"loc":{"start":{"line":133,"column":19},"end":{"line":133,"column":64}},"locations":[{"start":{"line":133,"column":19},"end":{"line":133,"column":64}}]},"60":{"type":"branch","line":133,"loc":{"start":{"line":133,"column":57},"end":{"line":133,"column":103}},"locations":[{"start":{"line":133,"column":57},"end":{"line":133,"column":103}}]},"61":{"type":"branch","line":133,"loc":{"start":{"line":133,"column":64},"end":{"line":133,"column":103}},"locations":[{"start":{"line":133,"column":64},"end":{"line":133,"column":103}}]},"62":{"type":"branch","line":145,"loc":{"start":{"line":145,"column":6},"end":{"line":145,"column":40}},"locations":[{"start":{"line":145,"column":6},"end":{"line":145,"column":40}}]},"63":{"type":"branch","line":145,"loc":{"start":{"line":145,"column":40},"end":{"line":154,"column":3}},"locations":[{"start":{"line":145,"column":40},"end":{"line":154,"column":3}}]},"64":{"type":"branch","line":154,"loc":{"start":{"line":154,"column":2},"end":{"line":299,"column":13}},"locations":[{"start":{"line":154,"column":2},"end":{"line":299,"column":13}}]},"65":{"type":"branch","line":299,"loc":{"start":{"line":299,"column":13},"end":{"line":301,"column":3}},"locations":[{"start":{"line":299,"column":13},"end":{"line":301,"column":3}}]},"66":{"type":"branch","line":301,"loc":{"start":{"line":301,"column":2},"end":{"line":307,"column":40}},"locations":[{"start":{"line":301,"column":2},"end":{"line":307,"column":40}}]},"67":{"type":"branch","line":307,"loc":{"start":{"line":307,"column":33},"end":{"line":308,"column":52}},"locations":[{"start":{"line":307,"column":33},"end":{"line":308,"column":52}}]},"68":{"type":"branch","line":308,"loc":{"start":{"line":308,"column":14},"end":{"line":313,"column":26}},"locations":[{"start":{"line":308,"column":14},"end":{"line":313,"column":26}}]},"69":{"type":"branch","line":309,"loc":{"start":{"line":309,"column":37},"end":{"line":310,"column":38}},"locations":[{"start":{"line":309,"column":37},"end":{"line":310,"column":38}}]},"70":{"type":"branch","line":311,"loc":{"start":{"line":311,"column":37},"end":{"line":312,"column":35}},"locations":[{"start":{"line":311,"column":37},"end":{"line":312,"column":35}}]},"71":{"type":"branch","line":319,"loc":{"start":{"line":319,"column":11},"end":{"line":322,"column":20}},"locations":[{"start":{"line":319,"column":11},"end":{"line":322,"column":20}}]},"72":{"type":"branch","line":322,"loc":{"start":{"line":322,"column":12},"end":{"line":323,"column":19}},"locations":[{"start":{"line":322,"column":12},"end":{"line":323,"column":19}}]},"73":{"type":"branch","line":333,"loc":{"start":{"line":333,"column":37},"end":{"line":333,"column":52}},"locations":[{"start":{"line":333,"column":37},"end":{"line":333,"column":52}}]},"74":{"type":"branch","line":333,"loc":{"start":{"line":333,"column":48},"end":{"line":333,"column":58}},"locations":[{"start":{"line":333,"column":48},"end":{"line":333,"column":58}}]},"75":{"type":"branch","line":341,"loc":{"start":{"line":341,"column":14},"end":{"line":350,"column":20}},"locations":[{"start":{"line":341,"column":14},"end":{"line":350,"column":20}}]},"76":{"type":"branch","line":344,"loc":{"start":{"line":344,"column":31},"end":{"line":344,"column":52}},"locations":[{"start":{"line":344,"column":31},"end":{"line":344,"column":52}}]},"77":{"type":"branch","line":347,"loc":{"start":{"line":347,"column":45},"end":{"line":347,"column":65}},"locations":[{"start":{"line":347,"column":45},"end":{"line":347,"column":65}}]},"78":{"type":"branch","line":350,"loc":{"start":{"line":350,"column":14},"end":{"line":351,"column":21}},"locations":[{"start":{"line":350,"column":14},"end":{"line":351,"column":21}}]},"79":{"type":"branch","line":360,"loc":{"start":{"line":360,"column":14},"end":{"line":380,"column":20}},"locations":[{"start":{"line":360,"column":14},"end":{"line":380,"column":20}}]},"80":{"type":"branch","line":362,"loc":{"start":{"line":362,"column":29},"end":{"line":365,"column":27}},"locations":[{"start":{"line":362,"column":29},"end":{"line":365,"column":27}}]},"81":{"type":"branch","line":367,"loc":{"start":{"line":367,"column":48},"end":{"line":375,"column":27}},"locations":[{"start":{"line":367,"column":48},"end":{"line":375,"column":27}}]},"82":{"type":"branch","line":375,"loc":{"start":{"line":375,"column":18},"end":{"line":376,"column":25}},"locations":[{"start":{"line":375,"column":18},"end":{"line":376,"column":25}}]},"83":{"type":"branch","line":378,"loc":{"start":{"line":378,"column":52},"end":{"line":378,"column":67}},"locations":[{"start":{"line":378,"column":52},"end":{"line":378,"column":67}}]},"84":{"type":"branch","line":380,"loc":{"start":{"line":380,"column":14},"end":{"line":381,"column":21}},"locations":[{"start":{"line":380,"column":14},"end":{"line":381,"column":21}}]},"85":{"type":"branch","line":383,"loc":{"start":{"line":383,"column":31},"end":{"line":441,"column":18}},"locations":[{"start":{"line":383,"column":31},"end":{"line":441,"column":18}}]},"86":{"type":"branch","line":392,"loc":{"start":{"line":392,"column":20},"end":{"line":406,"column":26}},"locations":[{"start":{"line":392,"column":20},"end":{"line":406,"column":26}}]},"87":{"type":"branch","line":406,"loc":{"start":{"line":406,"column":20},"end":{"line":407,"column":27}},"locations":[{"start":{"line":406,"column":20},"end":{"line":407,"column":27}}]},"88":{"type":"branch","line":408,"loc":{"start":{"line":408,"column":16},"end":{"line":409,"column":23}},"locations":[{"start":{"line":408,"column":16},"end":{"line":409,"column":23}}]},"89":{"type":"branch","line":441,"loc":{"start":{"line":441,"column":12},"end":{"line":442,"column":19}},"locations":[{"start":{"line":441,"column":12},"end":{"line":442,"column":19}}]},"90":{"type":"branch","line":112,"loc":{"start":{"line":112,"column":32},"end":{"line":112,"column":60}},"locations":[{"start":{"line":112,"column":32},"end":{"line":112,"column":60}}]},"91":{"type":"branch","line":120,"loc":{"start":{"line":120,"column":30},"end":{"line":120,"column":43}},"locations":[{"start":{"line":120,"column":30},"end":{"line":120,"column":43}}]},"92":{"type":"branch","line":125,"loc":{"start":{"line":125,"column":38},"end":{"line":125,"column":72}},"locations":[{"start":{"line":125,"column":38},"end":{"line":125,"column":72}}]},"93":{"type":"branch","line":128,"loc":{"start":{"line":128,"column":18},"end":{"line":128,"column":82}},"locations":[{"start":{"line":128,"column":18},"end":{"line":128,"column":82}}]},"94":{"type":"branch","line":128,"loc":{"start":{"line":128,"column":28},"end":{"line":128,"column":82}},"locations":[{"start":{"line":128,"column":28},"end":{"line":128,"column":82}}]},"95":{"type":"branch","line":134,"loc":{"start":{"line":134,"column":33},"end":{"line":143,"column":3}},"locations":[{"start":{"line":134,"column":33},"end":{"line":143,"column":3}}]},"96":{"type":"branch","line":135,"loc":{"start":{"line":135,"column":27},"end":{"line":136,"column":58}},"locations":[{"start":{"line":135,"column":27},"end":{"line":136,"column":58}}]},"97":{"type":"branch","line":136,"loc":{"start":{"line":136,"column":58},"end":{"line":142,"column":16}},"locations":[{"start":{"line":136,"column":58},"end":{"line":142,"column":16}}]},"98":{"type":"branch","line":146,"loc":{"start":{"line":146,"column":36},"end":{"line":153,"column":5}},"locations":[{"start":{"line":146,"column":36},"end":{"line":153,"column":5}}]},"99":{"type":"branch","line":147,"loc":{"start":{"line":147,"column":45},"end":{"line":152,"column":7}},"locations":[{"start":{"line":147,"column":45},"end":{"line":152,"column":7}}]},"100":{"type":"branch","line":149,"loc":{"start":{"line":149,"column":31},"end":{"line":151,"column":9}},"locations":[{"start":{"line":149,"column":31},"end":{"line":151,"column":9}}]},"101":{"type":"branch","line":156,"loc":{"start":{"line":156,"column":12},"end":{"line":160,"column":5}},"locations":[{"start":{"line":156,"column":12},"end":{"line":160,"column":5}}]},"102":{"type":"branch","line":157,"loc":{"start":{"line":157,"column":9},"end":{"line":157,"column":52}},"locations":[{"start":{"line":157,"column":9},"end":{"line":157,"column":52}}]},"103":{"type":"branch","line":157,"loc":{"start":{"line":157,"column":28},"end":{"line":157,"column":52}},"locations":[{"start":{"line":157,"column":28},"end":{"line":157,"column":52}}]},"104":{"type":"branch","line":157,"loc":{"start":{"line":157,"column":37},"end":{"line":157,"column":66}},"locations":[{"start":{"line":157,"column":37},"end":{"line":157,"column":66}}]},"105":{"type":"branch","line":157,"loc":{"start":{"line":157,"column":66},"end":{"line":159,"column":5}},"locations":[{"start":{"line":157,"column":66},"end":{"line":159,"column":5}}]},"106":{"type":"branch","line":204,"loc":{"start":{"line":204,"column":2},"end":{"line":214,"column":3}},"locations":[{"start":{"line":204,"column":2},"end":{"line":214,"column":3}}]},"107":{"type":"branch","line":206,"loc":{"start":{"line":206,"column":14},"end":{"line":208,"column":5}},"locations":[{"start":{"line":206,"column":14},"end":{"line":208,"column":5}}]},"108":{"type":"branch","line":209,"loc":{"start":{"line":209,"column":22},"end":{"line":211,"column":11}},"locations":[{"start":{"line":209,"column":22},"end":{"line":211,"column":11}}]},"109":{"type":"branch","line":211,"loc":{"start":{"line":211,"column":4},"end":{"line":213,"column":5}},"locations":[{"start":{"line":211,"column":4},"end":{"line":213,"column":5}}]},"110":{"type":"branch","line":205,"loc":{"start":{"line":205,"column":26},"end":{"line":205,"column":60}},"locations":[{"start":{"line":205,"column":26},"end":{"line":205,"column":60}}]},"111":{"type":"branch","line":388,"loc":{"start":{"line":388,"column":36},"end":{"line":389,"column":118}},"locations":[{"start":{"line":388,"column":36},"end":{"line":389,"column":118}}]},"112":{"type":"branch","line":410,"loc":{"start":{"line":410,"column":30},"end":{"line":439,"column":22}},"locations":[{"start":{"line":410,"column":30},"end":{"line":439,"column":22}}]},"113":{"type":"branch","line":411,"loc":{"start":{"line":411,"column":58},"end":{"line":411,"column":87}},"locations":[{"start":{"line":411,"column":58},"end":{"line":411,"column":87}}]},"114":{"type":"branch","line":411,"loc":{"start":{"line":411,"column":75},"end":{"line":411,"column":89}},"locations":[{"start":{"line":411,"column":75},"end":{"line":411,"column":89}}]},"115":{"type":"branch","line":412,"loc":{"start":{"line":412,"column":23},"end":{"line":425,"column":23}},"locations":[{"start":{"line":412,"column":23},"end":{"line":425,"column":23}}]},"116":{"type":"branch","line":420,"loc":{"start":{"line":420,"column":24},"end":{"line":421,"column":31}},"locations":[{"start":{"line":420,"column":24},"end":{"line":421,"column":31}}]},"117":{"type":"branch","line":425,"loc":{"start":{"line":425,"column":20},"end":{"line":437,"column":30}},"locations":[{"start":{"line":425,"column":20},"end":{"line":437,"column":30}}]},"118":{"type":"branch","line":433,"loc":{"start":{"line":433,"column":41},"end":{"line":433,"column":81}},"locations":[{"start":{"line":433,"column":41},"end":{"line":433,"column":81}}]},"119":{"type":"branch","line":433,"loc":{"start":{"line":433,"column":57},"end":{"line":433,"column":74}},"locations":[{"start":{"line":433,"column":57},"end":{"line":433,"column":74}}]},"120":{"type":"branch","line":433,"loc":{"start":{"line":433,"column":80},"end":{"line":434,"column":69}},"locations":[{"start":{"line":433,"column":80},"end":{"line":434,"column":69}}]},"121":{"type":"branch","line":434,"loc":{"start":{"line":434,"column":68},"end":{"line":435,"column":32}},"locations":[{"start":{"line":434,"column":68},"end":{"line":435,"column":32}}]}},"b":{"0":[70],"1":[21],"2":[17],"3":[4],"4":[49],"5":[0],"6":[49],"7":[0],"8":[49],"9":[49],"10":[0],"11":[0],"12":[4],"13":[0],"14":[0],"15":[45],"16":[15],"17":[6],"18":[9],"19":[0],"20":[19],"21":[0],"22":[18],"23":[0],"24":[18],"25":[15],"26":[3],"27":[18],"28":[15],"29":[3],"30":[18],"31":[15],"32":[18],"33":[3],"34":[15],"35":[18],"36":[15],"37":[18],"38":[15],"39":[3],"40":[18],"41":[0],"42":[0],"43":[18],"44":[0],"45":[18],"46":[0],"47":[18],"48":[18],"49":[15],"50":[3],"51":[3],"52":[18],"53":[18],"54":[0],"55":[18],"56":[0],"57":[15],"58":[3],"59":[0],"60":[18],"61":[15],"62":[6],"63":[6],"64":[18],"65":[0],"66":[18],"67":[0],"68":[18],"69":[0],"70":[0],"71":[0],"72":[18],"73":[18],"74":[0],"75":[15],"76":[0],"77":[0],"78":[3],"79":[15],"80":[0],"81":[6],"82":[9],"83":[0],"84":[3],"85":[18],"86":[15],"87":[3],"88":[0],"89":[0],"90":[70],"91":[42],"92":[15],"93":[18],"94":[0],"95":[70],"96":[0],"97":[0],"98":[24],"99":[96],"100":[24],"101":[8],"102":[7],"103":[0],"104":[0],"105":[0],"106":[17],"107":[0],"108":[5],"109":[12],"110":[42],"111":[70],"112":[70],"113":[18],"114":[52],"115":[4],"116":[0],"117":[66],"118":[57],"119":[36],"120":[12],"121":[54]},"fnMap":{"0":{"name":"createUrlsFromVars","decl":{"start":{"line":18,"column":27},"end":{"line":40,"column":2}},"loc":{"start":{"line":18,"column":27},"end":{"line":40,"column":2}},"line":18},"1":{"name":"isScriptAvailable","decl":{"start":{"line":42,"column":0},"end":{"line":44,"column":1}},"loc":{"start":{"line":42,"column":0},"end":{"line":44,"column":1}},"line":42},"2":{"name":"showSolveBtn","decl":{"start":{"line":46,"column":0},"end":{"line":50,"column":1}},"loc":{"start":{"line":46,"column":0},"end":{"line":50,"column":1}},"line":46},"3":{"name":"__vite_ssr_exports__.default","decl":{"start":{"line":63,"column":0},"end":{"line":447,"column":1}},"loc":{"start":{"line":63,"column":0},"end":{"line":447,"column":1}},"line":63},"4":{"name":"__vite_ssr_import_4__.default.suspense","decl":{"start":{"line":75,"column":4},"end":{"line":87,"column":21}},"loc":{"start":{"line":75,"column":4},"end":{"line":87,"column":21}},"line":75},"5":{"name":"onPageChange","decl":{"start":{"line":162,"column":2},"end":{"line":202,"column":3}},"loc":{"start":{"line":162,"column":2},"end":{"line":202,"column":3}},"line":162},"6":{"name":"handleTabClick","decl":{"start":{"line":204,"column":2},"end":{"line":214,"column":3}},"loc":{"start":{"line":204,"column":2},"end":{"line":214,"column":3}},"line":204},"7":{"name":"goToTop","decl":{"start":{"line":216,"column":2},"end":{"line":221,"column":3}},"loc":{"start":{"line":216,"column":2},"end":{"line":221,"column":3}},"line":216},"8":{"name":"setDefaultTabFor","decl":{"start":{"line":223,"column":2},"end":{"line":230,"column":3}},"loc":{"start":{"line":223,"column":2},"end":{"line":230,"column":3}},"line":223},"9":{"name":"handlePrevious","decl":{"start":{"line":232,"column":2},"end":{"line":239,"column":3}},"loc":{"start":{"line":232,"column":2},"end":{"line":239,"column":3}},"line":232},"10":{"name":"handleNext","decl":{"start":{"line":241,"column":2},"end":{"line":268,"column":3}},"loc":{"start":{"line":241,"column":2},"end":{"line":268,"column":3}},"line":241},"11":{"name":"executeSolve","decl":{"start":{"line":270,"column":2},"end":{"line":283,"column":3}},"loc":{"start":{"line":270,"column":2},"end":{"line":283,"column":3}},"line":270},"12":{"name":"skipModule","decl":{"start":{"line":285,"column":2},"end":{"line":288,"column":3}},"loc":{"start":{"line":285,"column":2},"end":{"line":288,"column":3}},"line":285},"13":{"name":"exit","decl":{"start":{"line":290,"column":2},"end":{"line":297,"column":3}},"loc":{"start":{"line":290,"column":2},"end":{"line":297,"column":3}},"line":290},"14":{"name":"onClose","decl":{"start":{"line":317,"column":47},"end":{"line":317,"column":77}},"loc":{"start":{"line":317,"column":47},"end":{"line":317,"column":77}},"line":317},"15":{"name":"onClick","decl":{"start":{"line":326,"column":59},"end":{"line":326,"column":89}},"loc":{"start":{"line":326,"column":59},"end":{"line":326,"column":89}},"line":326}},"f":{"0":70,"1":0,"2":15,"3":19,"4":0,"5":0,"6":17,"7":0,"8":0,"9":0,"10":0,"11":0,"12":0,"13":0,"14":0,"15":0}}
,"/Users/aleix.casanovas/Public/redhat/nookbag/src/loading.tsx": {"path":"/Users/aleix.casanovas/Public/redhat/nookbag/src/loading.tsx","all":false,"statementMap":{"0":{"start":{"line":1,"column":0},"end":{"line":1,"column":26}},"1":{"start":{"line":2,"column":0},"end":{"line":2,"column":0}},"2":{"start":{"line":3,"column":0},"end":{"line":3,"column":23}},"3":{"start":{"line":4,"column":0},"end":{"line":4,"column":0}},"4":{"start":{"line":5,"column":0},"end":{"line":5,"column":85}},"5":{"start":{"line":6,"column":0},"end":{"line":6,"column":19}},"6":{"start":{"line":7,"column":0},"end":{"line":7,"column":16}},"7":{"start":{"line":8,"column":0},"end":{"line":8,"column":3}},"8":{"start":{"line":9,"column":0},"end":{"line":9,"column":0}},"9":{"start":{"line":10,"column":0},"end":{"line":10,"column":10}},"10":{"start":{"line":11,"column":0},"end":{"line":11,"column":37}},"11":{"start":{"line":12,"column":0},"end":{"line":12,"column":33}},"12":{"start":{"line":13,"column":0},"end":{"line":13,"column":48}},"13":{"start":{"line":14,"column":0},"end":{"line":14,"column":10}},"14":{"start":{"line":15,"column":0},"end":{"line":15,"column":4}},"15":{"start":{"line":16,"column":0},"end":{"line":16,"column":1}}},"s":{"0":1,"1":1,"2":1,"3":1,"4":18,"5":18,"6":18,"7":18,"8":0,"9":0,"10":0,"11":0,"12":0,"13":0,"14":0,"15":0},"branchMap":{"0":{"type":"branch","line":5,"loc":{"start":{"line":5,"column":0},"end":{"line":16,"column":1}},"locations":[{"start":{"line":5,"column":0},"end":{"line":16,"column":1}}]},"1":{"type":"branch","line":8,"loc":{"start":{"line":8,"column":2},"end":{"line":16,"column":1}},"locations":[{"start":{"line":8,"column":2},"end":{"line":16,"column":1}}]}},"b":{"0":[18],"1":[0]},"fnMap":{"0":{"name":"__vite_ssr_exports__.default","decl":{"start":{"line":5,"column":0},"end":{"line":16,"column":1}},"loc":{"start":{"line":5,"column":0},"end":{"line":16,"column":1}},"line":5}},"f":{"0":18}}
,"/Users/aleix.casanovas/Public/redhat/nookbag/src/progress-bar.tsx": {"path":"/Users/aleix.casanovas/Public/redhat/nookbag/src/progress-bar.tsx","all":false,"statementMap":{"0":{"start":{"line":1,"column":0},"end":{"line":1,"column":26}},"1":{"start":{"line":2,"column":0},"end":{"line":2,"column":28}},"2":{"start":{"line":3,"column":0},"end":{"line":3,"column":0}},"3":{"start":{"line":4,"column":0},"end":{"line":4,"column":26}},"4":{"start":{"line":5,"column":0},"end":{"line":5,"column":10}},"5":{"start":{"line":6,"column":0},"end":{"line":6,"column":11}},"6":{"start":{"line":7,"column":0},"end":{"line":7,"column":4}},"7":{"start":{"line":8,"column":0},"end":{"line":8,"column":58}},"8":{"start":{"line":9,"column":0},"end":{"line":9,"column":97}},"9":{"start":{"line":10,"column":0},"end":{"line":10,"column":4}},"10":{"start":{"line":11,"column":0},"end":{"line":11,"column":10}},"11":{"start":{"line":12,"column":0},"end":{"line":12,"column":43}},"12":{"start":{"line":13,"column":0},"end":{"line":13,"column":59}},"13":{"start":{"line":14,"column":0},"end":{"line":14,"column":36}},"14":{"start":{"line":15,"column":0},"end":{"line":15,"column":29}},"15":{"start":{"line":16,"column":0},"end":{"line":16,"column":14}},"16":{"start":{"line":17,"column":0},"end":{"line":17,"column":23}},"17":{"start":{"line":18,"column":0},"end":{"line":18,"column":41}},"18":{"start":{"line":19,"column":0},"end":{"line":19,"column":49}},"19":{"start":{"line":20,"column":0},"end":{"line":20,"column":53}},"20":{"start":{"line":21,"column":0},"end":{"line":21,"column":48}},"21":{"start":{"line":22,"column":0},"end":{"line":22,"column":50}},"22":{"start":{"line":23,"column":0},"end":{"line":23,"column":13}},"23":{"start":{"line":24,"column":0},"end":{"line":24,"column":17}},"24":{"start":{"line":25,"column":0},"end":{"line":25,"column":11}},"25":{"start":{"line":26,"column":0},"end":{"line":26,"column":12}},"26":{"start":{"line":27,"column":0},"end":{"line":27,"column":10}},"27":{"start":{"line":28,"column":0},"end":{"line":28,"column":4}},"28":{"start":{"line":29,"column":0},"end":{"line":29,"column":1}}},"s":{"0":1,"1":1,"2":1,"3":15,"4":15,"5":15,"6":15,"7":15,"8":15,"9":15,"10":15,"11":15,"12":15,"13":15,"14":15,"15":42,"16":42,"17":42,"18":15,"19":27,"20":0,"21":27,"22":42,"23":42,"24":15,"25":15,"26":15,"27":15,"28":15},"branchMap":{"0":{"type":"branch","line":4,"loc":{"start":{"line":4,"column":0},"end":{"line":29,"column":1}},"locations":[{"start":{"line":4,"column":0},"end":{"line":29,"column":1}}]},"1":{"type":"branch","line":15,"loc":{"start":{"line":15,"column":21},"end":{"line":24,"column":17}},"locations":[{"start":{"line":15,"column":21},"end":{"line":24,"column":17}}]},"2":{"type":"branch","line":18,"loc":{"start":{"line":18,"column":34},"end":{"line":19,"column":49}},"locations":[{"start":{"line":18,"column":34},"end":{"line":19,"column":49}}]},"3":{"type":"branch","line":19,"loc":{"start":{"line":19,"column":18},"end":{"line":22,"column":50}},"locations":[{"start":{"line":19,"column":18},"end":{"line":22,"column":50}}]},"4":{"type":"branch","line":20,"loc":{"start":{"line":20,"column":52},"end":{"line":21,"column":48}},"locations":[{"start":{"line":20,"column":52},"end":{"line":21,"column":48}}]}},"b":{"0":[15],"1":[42],"2":[15],"3":[27],"4":[0]},"fnMap":{"0":{"name":"__vite_ssr_exports__.default","decl":{"start":{"line":4,"column":0},"end":{"line":29,"column":1}},"loc":{"start":{"line":4,"column":0},"end":{"line":29,"column":1}},"line":4}},"f":{"0":15}}
,"/Users/aleix.casanovas/Public/redhat/nookbag/src/progress-header.tsx": {"path":"/Users/aleix.casanovas/Public/redhat/nookbag/src/progress-header.tsx","all":false,"statementMap":{"0":{"start":{"line":1,"column":0},"end":{"line":1,"column":106}},"1":{"start":{"line":2,"column":0},"end":{"line":2,"column":66}},"2":{"start":{"line":3,"column":0},"end":{"line":3,"column":41}},"3":{"start":{"line":4,"column":0},"end":{"line":4,"column":45}},"4":{"start":{"line":5,"column":0},"end":{"line":5,"column":52}},"5":{"start":{"line":6,"column":0},"end":{"line":6,"column":34}},"6":{"start":{"line":7,"column":0},"end":{"line":7,"column":46}},"7":{"start":{"line":8,"column":0},"end":{"line":8,"column":0}},"8":{"start":{"line":9,"column":0},"end":{"line":9,"column":31}},"9":{"start":{"line":10,"column":0},"end":{"line":10,"column":0}},"10":{"start":{"line":11,"column":0},"end":{"line":11,"column":26}},"11":{"start":{"line":12,"column":0},"end":{"line":12,"column":14}},"12":{"start":{"line":13,"column":0},"end":{"line":13,"column":10}},"13":{"start":{"line":14,"column":0},"end":{"line":14,"column":11}},"14":{"start":{"line":15,"column":0},"end":{"line":15,"column":17}},"15":{"start":{"line":16,"column":0},"end":{"line":16,"column":18}},"16":{"start":{"line":17,"column":0},"end":{"line":17,"column":4}},"17":{"start":{"line":18,"column":0},"end":{"line":18,"column":22}},"18":{"start":{"line":19,"column":0},"end":{"line":19,"column":21}},"19":{"start":{"line":20,"column":0},"end":{"line":20,"column":97}},"20":{"start":{"line":21,"column":0},"end":{"line":21,"column":25}},"21":{"start":{"line":22,"column":0},"end":{"line":22,"column":52}},"22":{"start":{"line":23,"column":0},"end":{"line":23,"column":4}},"23":{"start":{"line":24,"column":0},"end":{"line":24,"column":56}},"24":{"start":{"line":25,"column":0},"end":{"line":25,"column":0}},"25":{"start":{"line":26,"column":0},"end":{"line":26,"column":32}},"26":{"start":{"line":27,"column":0},"end":{"line":27,"column":33}},"27":{"start":{"line":28,"column":0},"end":{"line":28,"column":3}},"28":{"start":{"line":29,"column":0},"end":{"line":29,"column":39}},"29":{"start":{"line":30,"column":0},"end":{"line":30,"column":17}},"30":{"start":{"line":31,"column":0},"end":{"line":31,"column":3}},"31":{"start":{"line":32,"column":0},"end":{"line":32,"column":34}},"32":{"start":{"line":33,"column":0},"end":{"line":33,"column":23}},"33":{"start":{"line":34,"column":0},"end":{"line":34,"column":24}},"34":{"start":{"line":35,"column":0},"end":{"line":35,"column":3}},"35":{"start":{"line":36,"column":0},"end":{"line":36,"column":36}},"36":{"start":{"line":37,"column":0},"end":{"line":37,"column":14}},"37":{"start":{"line":38,"column":0},"end":{"line":38,"column":3}},"38":{"start":{"line":39,"column":0},"end":{"line":39,"column":0}},"39":{"start":{"line":40,"column":0},"end":{"line":40,"column":10}},"40":{"start":{"line":41,"column":0},"end":{"line":41,"column":6}},"41":{"start":{"line":42,"column":0},"end":{"line":42,"column":81}},"42":{"start":{"line":43,"column":0},"end":{"line":43,"column":61}},"43":{"start":{"line":44,"column":0},"end":{"line":44,"column":91}},"44":{"start":{"line":45,"column":0},"end":{"line":45,"column":10}},"45":{"start":{"line":46,"column":0},"end":{"line":46,"column":109}},"46":{"start":{"line":47,"column":0},"end":{"line":47,"column":40}},"47":{"start":{"line":48,"column":0},"end":{"line":48,"column":46}},"48":{"start":{"line":49,"column":0},"end":{"line":49,"column":14}},"49":{"start":{"line":50,"column":0},"end":{"line":50,"column":33}},"50":{"start":{"line":51,"column":0},"end":{"line":51,"column":17}},"51":{"start":{"line":52,"column":0},"end":{"line":52,"column":27}},"52":{"start":{"line":53,"column":0},"end":{"line":53,"column":45}},"53":{"start":{"line":54,"column":0},"end":{"line":54,"column":34}},"54":{"start":{"line":55,"column":0},"end":{"line":55,"column":57}},"55":{"start":{"line":56,"column":0},"end":{"line":56,"column":33}},"56":{"start":{"line":57,"column":0},"end":{"line":57,"column":35}},"57":{"start":{"line":58,"column":0},"end":{"line":58,"column":17}},"58":{"start":{"line":59,"column":0},"end":{"line":59,"column":28}},"59":{"start":{"line":60,"column":0},"end":{"line":60,"column":15}},"60":{"start":{"line":61,"column":0},"end":{"line":61,"column":56}},"61":{"start":{"line":62,"column":0},"end":{"line":62,"column":42}},"62":{"start":{"line":63,"column":0},"end":{"line":63,"column":21}},"63":{"start":{"line":64,"column":0},"end":{"line":64,"column":113}},"64":{"start":{"line":65,"column":0},"end":{"line":65,"column":79}},"65":{"start":{"line":66,"column":0},"end":{"line":66,"column":24}},"66":{"start":{"line":67,"column":0},"end":{"line":67,"column":18}},"67":{"start":{"line":68,"column":0},"end":{"line":68,"column":56}},"68":{"start":{"line":69,"column":0},"end":{"line":69,"column":77}},"69":{"start":{"line":70,"column":0},"end":{"line":70,"column":39}},"70":{"start":{"line":71,"column":0},"end":{"line":71,"column":27}},"71":{"start":{"line":72,"column":0},"end":{"line":72,"column":21}},"72":{"start":{"line":73,"column":0},"end":{"line":73,"column":35}},"73":{"start":{"line":74,"column":0},"end":{"line":74,"column":18}},"74":{"start":{"line":75,"column":0},"end":{"line":75,"column":19}},"75":{"start":{"line":76,"column":0},"end":{"line":76,"column":15}},"76":{"start":{"line":77,"column":0},"end":{"line":77,"column":15}},"77":{"start":{"line":78,"column":0},"end":{"line":78,"column":20}},"78":{"start":{"line":79,"column":0},"end":{"line":79,"column":21}},"79":{"start":{"line":80,"column":0},"end":{"line":80,"column":78}},"80":{"start":{"line":81,"column":0},"end":{"line":81,"column":17}},"81":{"start":{"line":82,"column":0},"end":{"line":82,"column":19}},"82":{"start":{"line":83,"column":0},"end":{"line":83,"column":26}},"83":{"start":{"line":84,"column":0},"end":{"line":84,"column":89}},"84":{"start":{"line":85,"column":0},"end":{"line":85,"column":21}},"85":{"start":{"line":86,"column":0},"end":{"line":86,"column":21}},"86":{"start":{"line":87,"column":0},"end":{"line":87,"column":19}},"87":{"start":{"line":88,"column":0},"end":{"line":88,"column":22}},"88":{"start":{"line":89,"column":0},"end":{"line":89,"column":14}},"89":{"start":{"line":90,"column":0},"end":{"line":90,"column":22}},"90":{"start":{"line":91,"column":0},"end":{"line":91,"column":89}},"91":{"start":{"line":92,"column":0},"end":{"line":92,"column":14}},"92":{"start":{"line":93,"column":0},"end":{"line":93,"column":17}},"93":{"start":{"line":94,"column":0},"end":{"line":94,"column":15}},"94":{"start":{"line":95,"column":0},"end":{"line":95,"column":7}},"95":{"start":{"line":96,"column":0},"end":{"line":96,"column":4}},"96":{"start":{"line":97,"column":0},"end":{"line":97,"column":1}}},"s":{"0":1,"1":1,"2":1,"3":1,"4":1,"5":1,"6":1,"7":1,"8":1,"9":1,"10":15,"11":15,"12":15,"13":15,"14":15,"15":15,"16":15,"17":15,"18":15,"19":15,"20":15,"21":15,"22":15,"23":15,"24":15,"25":15,"26":0,"27":0,"28":15,"29":0,"30":0,"31":15,"32":0,"33":0,"34":0,"35":15,"36":0,"37":0,"38":15,"39":15,"40":15,"41":15,"42":15,"43":15,"44":15,"45":15,"46":15,"47":15,"48":15,"49":15,"50":42,"51":42,"52":42,"53":15,"54":27,"55":0,"56":27,"57":42,"58":42,"59":42,"60":42,"61":0,"62":42,"63":42,"64":42,"65":42,"66":42,"67":42,"68":0,"69":0,"70":0,"71":42,"72":42,"73":42,"74":42,"75":15,"76":15,"77":15,"78":15,"79":15,"80":15,"81":15,"82":15,"83":0,"84":0,"85":0,"86":15,"87":15,"88":15,"89":15,"90":0,"91":0,"92":0,"93":15,"94":15,"95":15,"96":15},"branchMap":{"0":{"type":"branch","line":11,"loc":{"start":{"line":11,"column":0},"end":{"line":97,"column":1}},"locations":[{"start":{"line":11,"column":0},"end":{"line":97,"column":1}}]},"1":{"type":"branch","line":44,"loc":{"start":{"line":44,"column":30},"end":{"line":44,"column":86}},"locations":[{"start":{"line":44,"column":30},"end":{"line":44,"column":86}}]},"2":{"type":"branch","line":83,"loc":{"start":{"line":83,"column":11},"end":{"line":86,"column":21}},"locations":[{"start":{"line":83,"column":11},"end":{"line":86,"column":21}}]},"3":{"type":"branch","line":90,"loc":{"start":{"line":90,"column":7},"end":{"line":93,"column":17}},"locations":[{"start":{"line":90,"column":7},"end":{"line":93,"column":17}}]},"4":{"type":"branch","line":50,"loc":{"start":{"line":50,"column":25},"end":{"line":75,"column":19}},"locations":[{"start":{"line":50,"column":25},"end":{"line":75,"column":19}}]},"5":{"type":"branch","line":53,"loc":{"start":{"line":53,"column":41},"end":{"line":54,"column":34}},"locations":[{"start":{"line":53,"column":41},"end":{"line":54,"column":34}}]},"6":{"type":"branch","line":54,"loc":{"start":{"line":54,"column":22},"end":{"line":57,"column":35}},"locations":[{"start":{"line":54,"column":22},"end":{"line":57,"column":35}}]},"7":{"type":"branch","line":55,"loc":{"start":{"line":55,"column":56},"end":{"line":56,"column":33}},"locations":[{"start":{"line":55,"column":56},"end":{"line":56,"column":33}}]},"8":{"type":"branch","line":61,"loc":{"start":{"line":61,"column":51},"end":{"line":62,"column":42}},"locations":[{"start":{"line":61,"column":51},"end":{"line":62,"column":42}}]},"9":{"type":"branch","line":68,"loc":{"start":{"line":68,"column":51},"end":{"line":71,"column":27}},"locations":[{"start":{"line":68,"column":51},"end":{"line":71,"column":27}}]},"10":{"type":"branch","line":73,"loc":{"start":{"line":73,"column":20},"end":{"line":73,"column":35}},"locations":[{"start":{"line":73,"column":20},"end":{"line":73,"column":35}}]}},"b":{"0":[15],"1":[0],"2":[0],"3":[0],"4":[42],"5":[15],"6":[27],"7":[0],"8":[0],"9":[0],"10":[0]},"fnMap":{"0":{"name":"__vite_ssr_exports__.default","decl":{"start":{"line":11,"column":0},"end":{"line":97,"column":1}},"loc":{"start":{"line":11,"column":0},"end":{"line":97,"column":1}},"line":11},"1":{"name":"handleModalToggle","decl":{"start":{"line":26,"column":2},"end":{"line":28,"column":3}},"loc":{"start":{"line":26,"column":2},"end":{"line":28,"column":3}},"line":26},"2":{"name":"handleModalRestartToggle","decl":{"start":{"line":29,"column":2},"end":{"line":31,"column":3}},"loc":{"start":{"line":29,"column":2},"end":{"line":31,"column":3}},"line":29},"3":{"name":"handleGoTo","decl":{"start":{"line":32,"column":2},"end":{"line":35,"column":3}},"loc":{"start":{"line":32,"column":2},"end":{"line":35,"column":3}},"line":32},"4":{"name":"handleModalStopToggle","decl":{"start":{"line":36,"column":2},"end":{"line":38,"column":3}},"loc":{"start":{"line":36,"column":2},"end":{"line":38,"column":3}},"line":36},"5":{"name":"onClick","decl":{"start":{"line":69,"column":51},"end":{"line":69,"column":77}},"loc":{"start":{"line":69,"column":51},"end":{"line":69,"column":77}},"line":69}},"f":{"0":15,"1":0,"2":0,"3":0,"4":0,"5":0}}
,"/Users/aleix.casanovas/Public/redhat/nookbag/src/remaining-time.tsx": {"path":"/Users/aleix.casanovas/Public/redhat/nookbag/src/remaining-time.tsx","all":false,"statementMap":{"0":{"start":{"line":1,"column":0},"end":{"line":1,"column":51}},"1":{"start":{"line":2,"column":0},"end":{"line":2,"column":49}},"2":{"start":{"line":3,"column":0},"end":{"line":3,"column":52}},"3":{"start":{"line":4,"column":0},"end":{"line":4,"column":0}},"4":{"start":{"line":5,"column":0},"end":{"line":5,"column":74}},"5":{"start":{"line":6,"column":0},"end":{"line":6,"column":56}},"6":{"start":{"line":7,"column":0},"end":{"line":7,"column":19}},"7":{"start":{"line":8,"column":0},"end":{"line":8,"column":39}},"8":{"start":{"line":9,"column":0},"end":{"line":9,"column":56}},"9":{"start":{"line":10,"column":0},"end":{"line":10,"column":95}},"10":{"start":{"line":11,"column":0},"end":{"line":11,"column":56}},"11":{"start":{"line":12,"column":0},"end":{"line":12,"column":5}},"12":{"start":{"line":13,"column":0},"end":{"line":13,"column":63}},"13":{"start":{"line":14,"column":0},"end":{"line":14,"column":29}},"14":{"start":{"line":15,"column":0},"end":{"line":15,"column":18}},"15":{"start":{"line":16,"column":0},"end":{"line":16,"column":30}},"16":{"start":{"line":17,"column":0},"end":{"line":17,"column":6}},"17":{"start":{"line":18,"column":0},"end":{"line":18,"column":9}},"18":{"start":{"line":19,"column":0},"end":{"line":19,"column":0}},"19":{"start":{"line":20,"column":0},"end":{"line":20,"column":10}},"20":{"start":{"line":21,"column":0},"end":{"line":21,"column":101}},"21":{"start":{"line":22,"column":0},"end":{"line":22,"column":10}},"22":{"start":{"line":23,"column":0},"end":{"line":23,"column":16}},"23":{"start":{"line":24,"column":0},"end":{"line":24,"column":53}},"24":{"start":{"line":25,"column":0},"end":{"line":25,"column":30}},"25":{"start":{"line":26,"column":0},"end":{"line":26,"column":27}},"26":{"start":{"line":27,"column":0},"end":{"line":27,"column":28}},"27":{"start":{"line":28,"column":0},"end":{"line":28,"column":29}},"28":{"start":{"line":29,"column":0},"end":{"line":29,"column":30}},"29":{"start":{"line":30,"column":0},"end":{"line":30,"column":26}},"30":{"start":{"line":31,"column":0},"end":{"line":31,"column":31}},"31":{"start":{"line":32,"column":0},"end":{"line":32,"column":21}},"32":{"start":{"line":33,"column":0},"end":{"line":33,"column":10}},"33":{"start":{"line":34,"column":0},"end":{"line":34,"column":7}},"34":{"start":{"line":35,"column":0},"end":{"line":35,"column":43}},"35":{"start":{"line":36,"column":0},"end":{"line":36,"column":12}},"36":{"start":{"line":37,"column":0},"end":{"line":37,"column":14}},"37":{"start":{"line":38,"column":0},"end":{"line":38,"column":4}},"38":{"start":{"line":39,"column":0},"end":{"line":39,"column":1}}},"s":{"0":1,"1":1,"2":1,"3":1,"4":0,"5":0,"6":0,"7":0,"8":0,"9":0,"10":0,"11":0,"12":0,"13":0,"14":0,"15":0,"16":0,"17":0,"18":0,"19":0,"20":0,"21":0,"22":0,"23":0,"24":0,"25":0,"26":0,"27":0,"28":0,"29":0,"30":0,"31":0,"32":0,"33":0,"34":0,"35":0,"36":0,"37":0,"38":0},"branchMap":{},"b":{},"fnMap":{"0":{"name":"__vite_ssr_exports__.default","decl":{"start":{"line":5,"column":0},"end":{"line":39,"column":1}},"loc":{"start":{"line":5,"column":0},"end":{"line":39,"column":1}},"line":5}},"f":{"0":0}}
,"/Users/aleix.casanovas/Public/redhat/nookbag/src/utils.ts": {"path":"/Users/aleix.casanovas/Public/redhat/nookbag/src/utils.ts","all":false,"statementMap":{"0":{"start":{"line":1,"column":0},"end":{"line":1,"column":28}},"1":{"start":{"line":2,"column":0},"end":{"line":2,"column":31}},"2":{"start":{"line":3,"column":0},"end":{"line":3,"column":0}},"3":{"start":{"line":4,"column":0},"end":{"line":4,"column":31}},"4":{"start":{"line":5,"column":0},"end":{"line":5,"column":113}},"5":{"start":{"line":6,"column":0},"end":{"line":6,"column":32}},"6":{"start":{"line":7,"column":0},"end":{"line":7,"column":62}},"7":{"start":{"line":8,"column":0},"end":{"line":8,"column":31}},"8":{"start":{"line":9,"column":0},"end":{"line":9,"column":3}},"9":{"start":{"line":10,"column":0},"end":{"line":10,"column":59}},"10":{"start":{"line":11,"column":0},"end":{"line":11,"column":37}},"11":{"start":{"line":12,"column":0},"end":{"line":12,"column":32}},"12":{"start":{"line":13,"column":0},"end":{"line":13,"column":0}},"13":{"start":{"line":14,"column":0},"end":{"line":14,"column":15}},"14":{"start":{"line":15,"column":0},"end":{"line":15,"column":57}},"15":{"start":{"line":16,"column":0},"end":{"line":16,"column":33}},"16":{"start":{"line":17,"column":0},"end":{"line":17,"column":12}},"17":{"start":{"line":18,"column":0},"end":{"line":18,"column":35}},"18":{"start":{"line":19,"column":0},"end":{"line":19,"column":5}},"19":{"start":{"line":20,"column":0},"end":{"line":20,"column":3}},"20":{"start":{"line":21,"column":0},"end":{"line":21,"column":26}},"21":{"start":{"line":22,"column":0},"end":{"line":22,"column":20}},"22":{"start":{"line":23,"column":0},"end":{"line":23,"column":5}},"23":{"start":{"line":24,"column":0},"end":{"line":24,"column":1}},"24":{"start":{"line":25,"column":0},"end":{"line":25,"column":0}},"25":{"start":{"line":26,"column":0},"end":{"line":26,"column":93}},"26":{"start":{"line":27,"column":0},"end":{"line":27,"column":89}},"27":{"start":{"line":28,"column":0},"end":{"line":28,"column":21}},"28":{"start":{"line":29,"column":0},"end":{"line":29,"column":16}},"29":{"start":{"line":30,"column":0},"end":{"line":30,"column":3}},"30":{"start":{"line":31,"column":0},"end":{"line":31,"column":37}},"31":{"start":{"line":32,"column":0},"end":{"line":32,"column":32}},"32":{"start":{"line":33,"column":0},"end":{"line":33,"column":1}},"33":{"start":{"line":34,"column":0},"end":{"line":34,"column":0}},"34":{"start":{"line":35,"column":0},"end":{"line":35,"column":47}},"35":{"start":{"line":36,"column":0},"end":{"line":36,"column":21}},"36":{"start":{"line":37,"column":0},"end":{"line":37,"column":13}},"37":{"start":{"line":38,"column":0},"end":{"line":38,"column":65}},"38":{"start":{"line":39,"column":0},"end":{"line":39,"column":54}},"39":{"start":{"line":40,"column":0},"end":{"line":40,"column":14}},"40":{"start":{"line":41,"column":0},"end":{"line":41,"column":37}},"41":{"start":{"line":42,"column":0},"end":{"line":42,"column":3}},"42":{"start":{"line":43,"column":0},"end":{"line":43,"column":79}},"43":{"start":{"line":44,"column":0},"end":{"line":44,"column":1}},"44":{"start":{"line":45,"column":0},"end":{"line":45,"column":0}},"45":{"start":{"line":46,"column":0},"end":{"line":46,"column":47}},"46":{"start":{"line":47,"column":0},"end":{"line":47,"column":73}},"47":{"start":{"line":48,"column":0},"end":{"line":48,"column":53}},"48":{"start":{"line":49,"column":0},"end":{"line":49,"column":7}},"49":{"start":{"line":50,"column":0},"end":{"line":50,"column":33}},"50":{"start":{"line":51,"column":0},"end":{"line":51,"column":29}},"51":{"start":{"line":52,"column":0},"end":{"line":52,"column":28}},"52":{"start":{"line":53,"column":0},"end":{"line":53,"column":18}},"53":{"start":{"line":54,"column":0},"end":{"line":54,"column":5}},"54":{"start":{"line":55,"column":0},"end":{"line":55,"column":18}},"55":{"start":{"line":56,"column":0},"end":{"line":56,"column":68}},"56":{"start":{"line":57,"column":0},"end":{"line":57,"column":5}},"57":{"start":{"line":58,"column":0},"end":{"line":58,"column":22}},"58":{"start":{"line":59,"column":0},"end":{"line":59,"column":17}},"59":{"start":{"line":60,"column":0},"end":{"line":60,"column":16}},"60":{"start":{"line":61,"column":0},"end":{"line":61,"column":3}},"61":{"start":{"line":62,"column":0},"end":{"line":62,"column":2}},"62":{"start":{"line":63,"column":0},"end":{"line":63,"column":27}},"63":{"start":{"line":64,"column":0},"end":{"line":64,"column":46}},"64":{"start":{"line":65,"column":0},"end":{"line":65,"column":1}},"65":{"start":{"line":66,"column":0},"end":{"line":66,"column":30}},"66":{"start":{"line":67,"column":0},"end":{"line":67,"column":44}},"67":{"start":{"line":68,"column":0},"end":{"line":68,"column":1}},"68":{"start":{"line":69,"column":0},"end":{"line":69,"column":31}},"69":{"start":{"line":70,"column":0},"end":{"line":70,"column":46}},"70":{"start":{"line":71,"column":0},"end":{"line":71,"column":1}}},"s":{"0":1,"1":1,"2":1,"3":1,"4":0,"5":0,"6":0,"7":0,"8":0,"9":0,"10":0,"11":0,"12":0,"13":0,"14":0,"15":0,"16":0,"17":0,"18":0,"19":0,"20":0,"21":0,"22":0,"23":0,"24":1,"25":0,"26":0,"27":0,"28":0,"29":0,"30":0,"31":0,"32":0,"33":1,"34":0,"35":0,"36":0,"37":0,"38":0,"39":0,"40":0,"41":0,"42":0,"43":0,"44":1,"45":1,"46":1,"47":1,"48":0,"49":0,"50":0,"51":0,"52":0,"53":0,"54":0,"55":0,"56":0,"57":0,"58":0,"59":0,"60":0,"61":0,"62":1,"63":0,"64":0,"65":1,"66":0,"67":0,"68":1,"69":0,"70":0},"branchMap":{},"b":{},"fnMap":{"0":{"name":"getJobStatus","decl":{"start":{"line":5,"column":0},"end":{"line":24,"column":1}},"loc":{"start":{"line":5,"column":0},"end":{"line":24,"column":1}},"line":5},"1":{"name":"executeStage","decl":{"start":{"line":26,"column":0},"end":{"line":33,"column":1}},"loc":{"start":{"line":26,"column":0},"end":{"line":33,"column":1}},"line":26},"2":{"name":"executeStageAndGetStatus","decl":{"start":{"line":35,"column":0},"end":{"line":44,"column":1}},"loc":{"start":{"line":35,"column":0},"end":{"line":44,"column":1}},"line":35},"3":{"name":"fetcher","decl":{"start":{"line":47,"column":23},"end":{"line":47,"column":73}},"loc":{"start":{"line":47,"column":23},"end":{"line":47,"column":73}},"line":47},"4":{"name":"silentFetcher","decl":{"start":{"line":48,"column":29},"end":{"line":62,"column":2}},"loc":{"start":{"line":48,"column":29},"end":{"line":62,"column":2}},"line":48},"5":{"name":"exitLab","decl":{"start":{"line":63,"column":7},"end":{"line":65,"column":1}},"loc":{"start":{"line":63,"column":7},"end":{"line":65,"column":1}},"line":63},"6":{"name":"restartLab","decl":{"start":{"line":66,"column":7},"end":{"line":68,"column":1}},"loc":{"start":{"line":66,"column":7},"end":{"line":68,"column":1}},"line":66},"7":{"name":"completeLab","decl":{"start":{"line":69,"column":7},"end":{"line":71,"column":1}},"loc":{"start":{"line":69,"column":7},"end":{"line":71,"column":1}},"line":69}},"f":{"0":0,"1":0,"2":0,"3":0,"4":0,"5":0,"6":0,"7":0}}
}
